This is pdfTeX, Version 3.14159265-2.6-1.40.18 (TeX Live 2017/Debian) (preloaded format=pdflatex 2018.11.12)  18 JAN 2019 12:48
entering extended mode
 restricted \write18 enabled.
 %&-line parsing enabled.
**Master_Thesis_Implementation.tex
(./Master_Thesis_Implementation.tex
LaTeX2e <2017-04-15>
Babel <3.18> and hyphenation patterns for 7 language(s) loaded.
(/usr/share/texlive/texmf-dist/tex/latex/base/article.cls
Document Class: article 2014/09/29 v1.4h Standard LaTeX document class
(/usr/share/texlive/texmf-dist/tex/latex/base/size10.clo
File: size10.clo 2014/09/29 v1.4h Standard LaTeX file (size option)
)
\c@part=\count79
\c@section=\count80
\c@subsection=\count81
\c@subsubsection=\count82
\c@paragraph=\count83
\c@subparagraph=\count84
\c@figure=\count85
\c@table=\count86
\abovecaptionskip=\skip41
\belowcaptionskip=\skip42
\bibindent=\dimen102
)
(/usr/share/texlive/texmf-dist/tex/latex/graphics/graphicx.sty
Package: graphicx 2017/06/01 v1.1a Enhanced LaTeX Graphics (DPC,SPQR)

(/usr/share/texlive/texmf-dist/tex/latex/graphics/keyval.sty
Package: keyval 2014/10/28 v1.15 key=value parser (DPC)
\KV@toks@=\toks14
)
(/usr/share/texlive/texmf-dist/tex/latex/graphics/graphics.sty
Package: graphics 2017/06/25 v1.2c Standard LaTeX Graphics (DPC,SPQR)

(/usr/share/texlive/texmf-dist/tex/latex/graphics/trig.sty
Package: trig 2016/01/03 v1.10 sin cos tan (DPC)
)
(/usr/share/texlive/texmf-dist/tex/latex/graphics-cfg/graphics.cfg
File: graphics.cfg 2016/06/04 v1.11 sample graphics configuration
)
Package graphics Info: Driver file: pdftex.def on input line 99.

(/usr/share/texlive/texmf-dist/tex/latex/graphics-def/pdftex.def
File: pdftex.def 2018/01/08 v1.0l Graphics/color driver for pdftex
))
\Gin@req@height=\dimen103
\Gin@req@width=\dimen104
)
(/usr/share/texlive/texmf-dist/tex/latex/caption/caption.sty
Package: caption 2016/02/21 v3.3-144 Customizing captions (AR)

(/usr/share/texlive/texmf-dist/tex/latex/caption/caption3.sty
Package: caption3 2016/05/22 v1.7-166 caption3 kernel (AR)
Package caption3 Info: TeX engine: e-TeX on input line 67.
\captionmargin=\dimen105
\captionmargin@=\dimen106
\captionwidth=\dimen107
\caption@tempdima=\dimen108
\caption@indent=\dimen109
\caption@parindent=\dimen110
\caption@hangindent=\dimen111
)
\c@ContinuedFloat=\count87
)
(/usr/share/texlive/texmf-dist/tex/latex/caption/subcaption.sty
Package: subcaption 2016/05/22 v1.1-161 Sub-captions (AR)
\c@subfigure=\count88
\c@subtable=\count89
)
(/usr/share/texlive/texmf-dist/tex/latex/amscls/amsthm.sty
Package: amsthm 2017/10/31 v2.20.4
\thm@style=\toks15
\thm@bodyfont=\toks16
\thm@headfont=\toks17
\thm@notefont=\toks18
\thm@headpunct=\toks19
\thm@preskip=\skip43
\thm@postskip=\skip44
\thm@headsep=\skip45
\dth@everypar=\toks20
)
(/usr/share/texlive/texmf-dist/tex/latex/amsfonts/amsfonts.sty
Package: amsfonts 2013/01/14 v3.01 Basic AMSFonts support
\@emptytoks=\toks21
\symAMSa=\mathgroup4
\symAMSb=\mathgroup5
LaTeX Font Info:    Overwriting math alphabet `\mathfrak' in version `bold'
(Font)                  U/euf/m/n --> U/euf/b/n on input line 106.
)
(/usr/share/texlive/texmf-dist/tex/latex/amsmath/amsmath.sty
Package: amsmath 2017/09/02 v2.17a AMS math features
\@mathmargin=\skip46

For additional information on amsmath, use the `?' option.
(/usr/share/texlive/texmf-dist/tex/latex/amsmath/amstext.sty
Package: amstext 2000/06/29 v2.01 AMS text

(/usr/share/texlive/texmf-dist/tex/latex/amsmath/amsgen.sty
File: amsgen.sty 1999/11/30 v2.0 generic functions
\@emptytoks=\toks22
\ex@=\dimen112
))
(/usr/share/texlive/texmf-dist/tex/latex/amsmath/amsbsy.sty
Package: amsbsy 1999/11/29 v1.2d Bold Symbols
\pmbraise@=\dimen113
)
(/usr/share/texlive/texmf-dist/tex/latex/amsmath/amsopn.sty
Package: amsopn 2016/03/08 v2.02 operator names
)
\inf@bad=\count90
LaTeX Info: Redefining \frac on input line 213.
\uproot@=\count91
\leftroot@=\count92
LaTeX Info: Redefining \overline on input line 375.
\classnum@=\count93
\DOTSCASE@=\count94
LaTeX Info: Redefining \ldots on input line 472.
LaTeX Info: Redefining \dots on input line 475.
LaTeX Info: Redefining \cdots on input line 596.
\Mathstrutbox@=\box26
\strutbox@=\box27
\big@size=\dimen114
LaTeX Font Info:    Redeclaring font encoding OML on input line 712.
LaTeX Font Info:    Redeclaring font encoding OMS on input line 713.
\macc@depth=\count95
\c@MaxMatrixCols=\count96
\dotsspace@=\muskip10
\c@parentequation=\count97
\dspbrk@lvl=\count98
\tag@help=\toks23
\row@=\count99
\column@=\count100
\maxfields@=\count101
\andhelp@=\toks24
\eqnshift@=\dimen115
\alignsep@=\dimen116
\tagshift@=\dimen117
\tagwidth@=\dimen118
\totwidth@=\dimen119
\lineht@=\dimen120
\@envbody=\toks25
\multlinegap=\skip47
\multlinetaggap=\skip48
\mathdisplay@stack=\toks26
LaTeX Info: Redefining \[ on input line 2817.
LaTeX Info: Redefining \] on input line 2818.
)
(/usr/share/texlive/texmf-dist/tex/latex/amsfonts/amssymb.sty
Package: amssymb 2013/01/14 v3.01 AMS font symbols
)
(/usr/share/texlive/texmf-dist/tex/latex/jknapltx/mathrsfs.sty
Package: mathrsfs 1996/01/01 Math RSFS package v1.0 (jk)
\symrsfs=\mathgroup6
)
(/usr/share/texlive/texmf-dist/tex/latex/algorithm2e/algorithm2e.sty
Package: algorithm2e 2017/07/18 v5.2 algorithms environments
\c@AlgoLine=\count102

(/usr/share/texlive/texmf-dist/tex/latex/base/ifthen.sty
Package: ifthen 2014/09/29 v1.1c Standard LaTeX ifthen package (DPC)
)
\algocf@hangindent=\skip49

(/usr/share/texlive/texmf-dist/tex/latex/ifoddpage/ifoddpage.sty
Package: ifoddpage 2016/04/23 v1.1 Conditionals for odd/even page detection
\c@checkoddpage=\count103
)
(/usr/share/texlive/texmf-dist/tex/latex/tools/xspace.sty
Package: xspace 2014/10/28 v1.13 Space after command names (DPC,MH)
)
(/usr/share/texlive/texmf-dist/tex/latex/relsize/relsize.sty
Package: relsize 2013/03/29 ver 4.1
)
\skiptotal=\skip50
\skiplinenumber=\skip51
\skiprule=\skip52
\skiphlne=\skip53
\skiptext=\skip54
\skiplength=\skip55
\algomargin=\skip56
\skipalgocfslide=\skip57
\algowidth=\dimen121
\inoutsize=\dimen122
\inoutindent=\dimen123
\interspacetitleruled=\dimen124
\interspacealgoruled=\dimen125
\interspacetitleboxruled=\dimen126
\algocf@ruledwidth=\skip58
\algocf@inoutbox=\box28
\algocf@inputbox=\box29
\AlCapSkip=\skip59
\AlCapHSkip=\skip60
\algoskipindent=\skip61
\algocf@nlbox=\box30
\algocf@hangingbox=\box31
\algocf@untilbox=\box32
\algocf@skipuntil=\skip62
\algocf@capbox=\box33
\algocf@lcaptionbox=\skip63
\algoheightruledefault=\skip64
\algoheightrule=\skip65
\algotitleheightruledefault=\skip66
\algotitleheightrule=\skip67
\c@algocfline=\count104
\c@algocfproc=\count105
\c@algocf=\count106
\algocf@algoframe=\box34
\algocf@algobox=\box35
)
\c@mydef=\count107
\c@mytheorem=\count108

(./Master_Thesis_Implementation.aux)
\openout1 = `Master_Thesis_Implementation.aux'.

LaTeX Font Info:    Checking defaults for OML/cmm/m/it on input line 20.
LaTeX Font Info:    ... okay on input line 20.
LaTeX Font Info:    Checking defaults for T1/cmr/m/n on input line 20.
LaTeX Font Info:    ... okay on input line 20.
LaTeX Font Info:    Checking defaults for OT1/cmr/m/n on input line 20.
LaTeX Font Info:    ... okay on input line 20.
LaTeX Font Info:    Checking defaults for OMS/cmsy/m/n on input line 20.
LaTeX Font Info:    ... okay on input line 20.
LaTeX Font Info:    Checking defaults for OMX/cmex/m/n on input line 20.
LaTeX Font Info:    ... okay on input line 20.
LaTeX Font Info:    Checking defaults for U/cmr/m/n on input line 20.
LaTeX Font Info:    ... okay on input line 20.

(/usr/share/texlive/texmf-dist/tex/context/base/mkii/supp-pdf.mkii
[Loading MPS to PDF converter (version 2006.09.02).]
\scratchcounter=\count109
\scratchdimen=\dimen127
\scratchbox=\box36
\nofMPsegments=\count110
\nofMParguments=\count111
\everyMPshowfont=\toks27
\MPscratchCnt=\count112
\MPscratchDim=\dimen128
\MPnumerator=\count113
\makeMPintoPDFobject=\count114
\everyMPtoPDFconversion=\toks28
) (/usr/share/texlive/texmf-dist/tex/latex/oberdiek/epstopdf-base.sty
Package: epstopdf-base 2016/05/15 v2.6 Base part for package epstopdf

(/usr/share/texlive/texmf-dist/tex/generic/oberdiek/infwarerr.sty
Package: infwarerr 2016/05/16 v1.4 Providing info/warning/error messages (HO)
)
(/usr/share/texlive/texmf-dist/tex/latex/oberdiek/grfext.sty
Package: grfext 2016/05/16 v1.2 Manage graphics extensions (HO)

(/usr/share/texlive/texmf-dist/tex/generic/oberdiek/kvdefinekeys.sty
Package: kvdefinekeys 2016/05/16 v1.4 Define keys (HO)

(/usr/share/texlive/texmf-dist/tex/generic/oberdiek/ltxcmds.sty
Package: ltxcmds 2016/05/16 v1.23 LaTeX kernel commands for general use (HO)
)))
(/usr/share/texlive/texmf-dist/tex/latex/oberdiek/kvoptions.sty
Package: kvoptions 2016/05/16 v3.12 Key value format for package options (HO)

(/usr/share/texlive/texmf-dist/tex/generic/oberdiek/kvsetkeys.sty
Package: kvsetkeys 2016/05/16 v1.17 Key value parser (HO)

(/usr/share/texlive/texmf-dist/tex/generic/oberdiek/etexcmds.sty
Package: etexcmds 2016/05/16 v1.6 Avoid name clashes with e-TeX commands (HO)

(/usr/share/texlive/texmf-dist/tex/generic/oberdiek/ifluatex.sty
Package: ifluatex 2016/05/16 v1.4 Provides the ifluatex switch (HO)
Package ifluatex Info: LuaTeX not detected.
)
Package etexcmds Info: Could not find \expanded.
(etexcmds)             That can mean that you are not using pdfTeX 1.50 or
(etexcmds)             that some package has redefined \expanded.
(etexcmds)             In the latter case, load this package earlier.
)))
(/usr/share/texlive/texmf-dist/tex/generic/oberdiek/pdftexcmds.sty
Package: pdftexcmds 2018/01/21 v0.26 Utility functions of pdfTeX for LuaTeX (HO
)

(/usr/share/texlive/texmf-dist/tex/generic/oberdiek/ifpdf.sty
Package: ifpdf 2017/03/15 v3.2 Provides the ifpdf switch
)
Package pdftexcmds Info: LuaTeX not detected.
Package pdftexcmds Info: \pdf@primitive is available.
Package pdftexcmds Info: \pdf@ifprimitive is available.
Package pdftexcmds Info: \pdfdraftmode found.
)
Package epstopdf-base Info: Redefining graphics rule for `.eps' on input line 4
38.
Package grfext Info: Graphics extension search list:
(grfext)             [.pdf,.png,.jpg,.mps,.jpeg,.jbig2,.jb2,.PDF,.PNG,.JPG,.JPE
G,.JBIG2,.JB2,.eps]
(grfext)             \AppendGraphicsExtensions on input line 456.

(/usr/share/texlive/texmf-dist/tex/latex/latexconfig/epstopdf-sys.cfg
File: epstopdf-sys.cfg 2010/07/13 v1.3 Configuration of (r)epstopdf for TeX Liv
e
))
Package caption Info: Begin \AtBeginDocument code.
Package caption Info: End \AtBeginDocument code.
LaTeX Font Info:    Try loading font information for U+msa on input line 22.

(/usr/share/texlive/texmf-dist/tex/latex/amsfonts/umsa.fd
File: umsa.fd 2013/01/14 v3.01 AMS symbols A
)
LaTeX Font Info:    Try loading font information for U+msb on input line 22.

(/usr/share/texlive/texmf-dist/tex/latex/amsfonts/umsb.fd
File: umsb.fd 2013/01/14 v3.01 AMS symbols B
)
LaTeX Font Info:    Try loading font information for U+rsfs on input line 22.

(/usr/share/texlive/texmf-dist/tex/latex/jknapltx/ursfs.fd
File: ursfs.fd 1998/03/24 rsfs font definition file (jk)
)
<./images/FD00_approach_blackbox.png, id=1, 629.35126pt x 404.51125pt>
File: ./images/FD00_approach_blackbox.png Graphic file (type png)
<use ./images/FD00_approach_blackbox.png>
Package pdftex.def Info: ./images/FD00_approach_blackbox.png  used on input lin
e 39.
(pdftex.def)             Requested size: 345.0pt x 221.74736pt.


LaTeX Warning: `!h' float specifier changed to `!ht'.

[1

{/var/lib/texmf/fonts/map/pdftex/updmap/pdftex.map}]
LaTeX Font Info:    Try loading font information for OMS+cmr on input line 52.

(/usr/share/texlive/texmf-dist/tex/latex/base/omscmr.fd
File: omscmr.fd 2014/09/29 v2.5h Standard LaTeX font definitions
)
LaTeX Font Info:    Font shape `OMS/cmr/m/it' in size <10> not available
(Font)              Font shape `OMS/cmsy/m/n' tried instead on input line 52.
 [2 <./images/FD00_approach_blackbox.png>]
Overfull \hbox (88.57639pt too wide) detected at line 74
\OML/cmm/m/it/10 Weight\OT1/cmr/m/n/10 (\OML/cmm/m/it/10 E[]\OT1/cmr/m/n/10 (\O
ML/cmm/m/it/10 A; B\OT1/cmr/m/n/10 )) = \OML/cmm/m/it/10 Weight\OT1/cmr/m/n/10 
(\OML/cmm/m/it/10 E[]\OT1/cmr/m/n/10 (\OML/cmm/m/it/10 A; B\OT1/cmr/m/n/10 )) +
 \OML/cmm/m/it/10 Weight\OT1/cmr/m/n/10 (\OML/cmm/m/it/10 E[]\OT1/cmr/m/n/10 (\
OML/cmm/m/it/10 A; B\OT1/cmr/m/n/10 )) \OMS/cmsy/m/n/10 ^^@ \OML/cmm/m/it/10 We
ight\OT1/cmr/m/n/10 (\OML/cmm/m/it/10 E[]\OT1/cmr/m/n/10 (\OML/cmm/m/it/10 A; B
\OT1/cmr/m/n/10 ))
 []


Overfull \hbox (104.94693pt too wide) detected at line 76
\OML/cmm/m/it/10 Weight\OT1/cmr/m/n/10 (\OML/cmm/m/it/10 Start[]\OT1/cmr/m/n/10
 (\OML/cmm/m/it/10 A\OT1/cmr/m/n/10 )) = \OML/cmm/m/it/10 Weight\OT1/cmr/m/n/10
 (\OML/cmm/m/it/10 Start[]\OT1/cmr/m/n/10 (\OML/cmm/m/it/10 A\OT1/cmr/m/n/10 ))
 + \OML/cmm/m/it/10 Weight\OT1/cmr/m/n/10 (\OML/cmm/m/it/10 Start[]\OT1/cmr/m/n
/10 (\OML/cmm/m/it/10 A\OT1/cmr/m/n/10 )) \OMS/cmsy/m/n/10 ^^@ \OML/cmm/m/it/10
 Weight\OT1/cmr/m/n/10 (\OML/cmm/m/it/10 Start[]\OT1/cmr/m/n/10 (\OML/cmm/m/it/
10 A\OT1/cmr/m/n/10 ))
 []


Overfull \hbox (85.58585pt too wide) detected at line 78
\OML/cmm/m/it/10 Weight\OT1/cmr/m/n/10 (\OML/cmm/m/it/10 End[]\OT1/cmr/m/n/10 (
\OML/cmm/m/it/10 A\OT1/cmr/m/n/10 )) = \OML/cmm/m/it/10 Weight\OT1/cmr/m/n/10 (
\OML/cmm/m/it/10 End[]\OT1/cmr/m/n/10 (\OML/cmm/m/it/10 A\OT1/cmr/m/n/10 )) + \
OML/cmm/m/it/10 Weight\OT1/cmr/m/n/10 (\OML/cmm/m/it/10 End[]\OT1/cmr/m/n/10 (\
OML/cmm/m/it/10 A\OT1/cmr/m/n/10 )) \OMS/cmsy/m/n/10 ^^@ \OML/cmm/m/it/10 Weigh
t\OT1/cmr/m/n/10 (\OML/cmm/m/it/10 End[]\OT1/cmr/m/n/10 (\OML/cmm/m/it/10 A\OT1
/cmr/m/n/10 ))
 []

[3]
<./images/PN06_Seq_2_xor_notnested.png, id=27, 1234.6125pt x 312.16624pt>
File: ./images/PN06_Seq_2_xor_notnested.png Graphic file (type png)
<use ./images/PN06_Seq_2_xor_notnested.png>
Package pdftex.def Info: ./images/PN06_Seq_2_xor_notnested.png  used on input l
ine 89.
(pdftex.def)             Requested size: 345.0pt x 87.2297pt.
LaTeX Font Info:    Font shape `OMS/cmr/m/n' in size <10> not available
(Font)              Font shape `OMS/cmsy/m/n' tried instead on input line 97.
 [4 <./images/PN06_Seq_2_xor_notnested.png>]
Underfull \hbox (badness 10000) in paragraph at lines 144--145

 []

[5]
<./images/PT02_xor_nested_and_pure.png, id=38, 499.8675pt x 263.98625pt>
File: ./images/PT02_xor_nested_and_pure.png Graphic file (type png)
<use ./images/PT02_xor_nested_and_pure.png>
Package pdftex.def Info: ./images/PT02_xor_nested_and_pure.png  used on input l
ine 153.
(pdftex.def)             Requested size: 345.0pt x 182.20306pt.
 [6 <./images/PT02_xor_nested_and_pure.png>]
Overfull \hbox (2.89983pt too wide) detected at line 180
\OML/cmm/m/it/10 SC\OT1/cmr/m/n/10 (\OML/cmm/m/it/10 XORB[]; XORB[]\OT1/cmr/m/n
/10 ) = \OML/cmm/m/it/10 F[]\OT1/cmr/m/n/10 (\OML/cmm/m/it/10 XORB[]; XORB[]\OT
1/cmr/m/n/10 ) \OMS/cmsy/m/n/10 ^^@ \OML/cmm/m/it/10 F[]\OT1/cmr/m/n/10 (\OML/c
mm/m/it/10 XORB[]; XORB[]\OT1/cmr/m/n/10 )
 []


Overfull \hbox (0.40549pt too wide) in paragraph at lines 185--186
\OT1/cmr/bx/n/10 Definition 2.12 \OT1/cmr/m/n/10 (Di-rect-ly--fol-lowed re-la-t
ion of xor branch)\OT1/cmr/bx/n/10 . $\OML/cmm/m/it/10 XORB[]$ \OT1/cmr/m/it/10
 is directly-
 []


Overfull \hbox (0.2056pt too wide) in paragraph at lines 194--195
\OT1/cmr/m/it/10 branches $[]$, $[]$
 []


Overfull \hbox (57.01117pt too wide) detected at line 196
\OML/cmm/m/it/10 SC\OT1/cmr/m/n/10 (\OMS/cmsy/m/n/10 f\OML/cmm/m/it/10 XORB[]; 
XORB[]:::; XORB[]\OMS/cmsy/m/n/10 g\OML/cmm/m/it/10 ; \OMS/cmsy/m/n/10 f\OML/cm
m/m/it/10 XORB[]; XORB[]:::; XORB[]\OMS/cmsy/m/n/10 g\OT1/cmr/m/n/10 ) \OML/cmm
/m/it/10 > threshold
 []


Overfull \hbox (97.99615pt too wide) in paragraph at lines 198--199
[]$\OMS/cmsy/m/n/10 f\OML/cmm/m/it/10 XORB[]; XORB[]:::; XORB[]\OMS/cmsy/m/n/10
 g$ \OT1/cmr/m/n/10 de-pend the ex-e-cu-tion of $\OMS/cmsy/m/n/10 f\OML/cmm/m/i
t/10 XORB[]; XORB[]:::; XORB[]\OMS/cmsy/m/n/10 g$\OT1/cmr/m/n/10 . 
 []

<./images/FD_architecture_detail_02.png, id=42, 711.65875pt x 1277.77374pt>
File: ./images/FD_architecture_detail_02.png Graphic file (type png)
<use ./images/FD_architecture_detail_02.png>
Package pdftex.def Info: ./images/FD_architecture_detail_02.png  used on input 
line 204.
(pdftex.def)             Requested size: 344.9912pt x 549.99742pt.

LaTeX Warning: Float too large for page by 54.69742pt on input line 207.

[7] [8 <./images/FD_architecture_detail_02.png>]

Package caption Warning: \label without proper reference on input line 217.
See the caption package documentation for explanation.


LaTeX Warning: Reference `alg: detect-lt' on page 9 undefined on input line 214
.

<./images/PN_tc_and_03_01.png, id=51, 1483.5425pt x 545.03625pt>
File: ./images/PN_tc_and_03_01.png Graphic file (type png)
<use ./images/PN_tc_and_03_01.png>
Package pdftex.def Info: ./images/PN_tc_and_03_01.png  used on input line 258.
(pdftex.def)             Requested size: 345.0pt x 126.74457pt.
[9] [10 <./images/PN_tc_and_03_01.png>]
Overfull \hbox (163.55547pt too wide) detected at line 264
\OML/cmm/m/it/10 Wlt\OT1/cmr/m/n/10 (\OML/cmm/m/it/10 XORB[]; XORB[]\OT1/cmr/m/
n/10 ) = \OML/cmm/m/it/10 Wlt[]\OT1/cmr/m/n/10 (\OML/cmm/m/it/10 XORB[]; XORB[]
\OT1/cmr/m/n/10 ) + \OML/cmm/m/it/10 Wlt[]\OT1/cmr/m/n/10 (\OML/cmm/m/it/10 XOR
B[]; XORB[]\OT1/cmr/m/n/10 ) \OMS/cmsy/m/n/10 ^^@ \OML/cmm/m/it/10 Wlt[]\OT1/cm
r/m/n/10 (\OML/cmm/m/it/10 XORB[]; XORB[]\OT1/cmr/m/n/10 )
 []


Underfull \hbox (badness 10000) in paragraph at lines 264--268

 []


Underfull \hbox (badness 10000) in paragraph at lines 264--268

 []


Overfull \hbox (17.12938pt too wide) in paragraph at lines 271--273
\OML/cmm/m/it/10 B[] \OT1/cmr/m/n/10 = []\OML/cmm/m/it/10 ; B[] \OT1/cmr/m/n/10
 = []$\OT1/cmr/m/it/10 ,
 []

[11] (./Master_Thesis_Implementation.bbl [12]) [13]
(./Master_Thesis_Implementation.aux)

LaTeX Warning: There were undefined references.

 ) 
Here is how much of TeX's memory you used:
 4624 strings out of 494847
 70118 string characters out of 6179079
 139101 words of memory out of 5000000
 7865 multiletter control sequences out of 15000+600000
 13755 words of font info for 55 fonts, out of 8000000 for 9000
 59 hyphenation exceptions out of 8191
 41i,15n,39p,920b,461s stack positions out of 5000i,500n,10000p,200000b,80000s
</usr/share/texlive/texmf-dist/fonts/type1/public/amsfonts/cm/cmbx10.pfb></us
r/share/texlive/texmf-dist/fonts/type1/public/amsfonts/cm/cmbx12.pfb></usr/shar
e/texlive/texmf-dist/fonts/type1/public/amsfonts/cm/cmbx7.pfb></usr/share/texli
ve/texmf-dist/fonts/type1/public/amsfonts/cm/cmbx9.pfb></usr/share/texlive/texm
f-dist/fonts/type1/public/amsfonts/cm/cmmi10.pfb></usr/share/texlive/texmf-dist
/fonts/type1/public/amsfonts/cm/cmmi5.pfb></usr/share/texlive/texmf-dist/fonts/
type1/public/amsfonts/cm/cmmi7.pfb></usr/share/texlive/texmf-dist/fonts/type1/p
ublic/amsfonts/cm/cmr10.pfb></usr/share/texlive/texmf-dist/fonts/type1/public/a
msfonts/cm/cmr12.pfb></usr/share/texlive/texmf-dist/fonts/type1/public/amsfonts
/cm/cmr17.pfb></usr/share/texlive/texmf-dist/fonts/type1/public/amsfonts/cm/cmr
7.pfb></usr/share/texlive/texmf-dist/fonts/type1/public/amsfonts/cm/cmr9.pfb></
usr/share/texlive/texmf-dist/fonts/type1/public/amsfonts/cm/cmsy10.pfb></usr/sh
are/texlive/texmf-dist/fonts/type1/public/amsfonts/cm/cmsy7.pfb></usr/share/tex
live/texmf-dist/fonts/type1/public/amsfonts/cm/cmti10.pfb></usr/share/texlive/t
exmf-dist/fonts/type1/public/amsfonts/symbols/msam10.pfb></usr/share/texlive/te
xmf-dist/fonts/type1/public/amsfonts/symbols/msbm10.pfb></usr/share/texlive/tex
mf-dist/fonts/type1/public/rsfs/rsfs10.pfb>
Output written on Master_Thesis_Implementation.pdf (13 pages, 400140 bytes).
PDF statistics:
 127 PDF objects out of 1000 (max. 8388607)
 86 compressed objects within 1 object stream
 0 named destinations out of 1000 (max. 500000)
 26 words of extra memory for PDF output out of 10000 (max. 10000000)

