This is pdfTeX, Version 3.14159265-2.6-1.40.18 (TeX Live 2017/Debian) (preloaded format=pdflatex 2018.11.12)  22 FEB 2019 18:49
entering extended mode
 restricted \write18 enabled.
 %&-line parsing enabled.
**ProofDifficulty.tex
(./ProofDifficulty.tex
LaTeX2e <2017-04-15>
Babel <3.18> and hyphenation patterns for 7 language(s) loaded.
(/usr/share/texlive/texmf-dist/tex/latex/base/article.cls
Document Class: article 2014/09/29 v1.4h Standard LaTeX document class
(/usr/share/texlive/texmf-dist/tex/latex/base/size10.clo
File: size10.clo 2014/09/29 v1.4h Standard LaTeX file (size option)
)
\c@part=\count79
\c@section=\count80
\c@subsection=\count81
\c@subsubsection=\count82
\c@paragraph=\count83
\c@subparagraph=\count84
\c@figure=\count85
\c@table=\count86
\abovecaptionskip=\skip41
\belowcaptionskip=\skip42
\bibindent=\dimen102
)
(/usr/share/texlive/texmf-dist/tex/latex/graphics/graphicx.sty
Package: graphicx 2017/06/01 v1.1a Enhanced LaTeX Graphics (DPC,SPQR)

(/usr/share/texlive/texmf-dist/tex/latex/graphics/keyval.sty
Package: keyval 2014/10/28 v1.15 key=value parser (DPC)
\KV@toks@=\toks14
)
(/usr/share/texlive/texmf-dist/tex/latex/graphics/graphics.sty
Package: graphics 2017/06/25 v1.2c Standard LaTeX Graphics (DPC,SPQR)

(/usr/share/texlive/texmf-dist/tex/latex/graphics/trig.sty
Package: trig 2016/01/03 v1.10 sin cos tan (DPC)
)
(/usr/share/texlive/texmf-dist/tex/latex/graphics-cfg/graphics.cfg
File: graphics.cfg 2016/06/04 v1.11 sample graphics configuration
)
Package graphics Info: Driver file: pdftex.def on input line 99.

(/usr/share/texlive/texmf-dist/tex/latex/graphics-def/pdftex.def
File: pdftex.def 2018/01/08 v1.0l Graphics/color driver for pdftex
))
\Gin@req@height=\dimen103
\Gin@req@width=\dimen104
)
(/usr/share/texlive/texmf-dist/tex/latex/caption/caption.sty
Package: caption 2016/02/21 v3.3-144 Customizing captions (AR)

(/usr/share/texlive/texmf-dist/tex/latex/caption/caption3.sty
Package: caption3 2016/05/22 v1.7-166 caption3 kernel (AR)
Package caption3 Info: TeX engine: e-TeX on input line 67.
\captionmargin=\dimen105
\captionmargin@=\dimen106
\captionwidth=\dimen107
\caption@tempdima=\dimen108
\caption@indent=\dimen109
\caption@parindent=\dimen110
\caption@hangindent=\dimen111
)
\c@ContinuedFloat=\count87
)
(/usr/share/texlive/texmf-dist/tex/latex/caption/subcaption.sty
Package: subcaption 2016/05/22 v1.1-161 Sub-captions (AR)
\c@subfigure=\count88
\c@subtable=\count89
)
(/usr/share/texlive/texmf-dist/tex/latex/amscls/amsthm.sty
Package: amsthm 2017/10/31 v2.20.4
\thm@style=\toks15
\thm@bodyfont=\toks16
\thm@headfont=\toks17
\thm@notefont=\toks18
\thm@headpunct=\toks19
\thm@preskip=\skip43
\thm@postskip=\skip44
\thm@headsep=\skip45
\dth@everypar=\toks20
)
(/usr/share/texlive/texmf-dist/tex/latex/amsfonts/amsfonts.sty
Package: amsfonts 2013/01/14 v3.01 Basic AMSFonts support
\@emptytoks=\toks21
\symAMSa=\mathgroup4
\symAMSb=\mathgroup5
LaTeX Font Info:    Overwriting math alphabet `\mathfrak' in version `bold'
(Font)                  U/euf/m/n --> U/euf/b/n on input line 106.
)
(/usr/share/texlive/texmf-dist/tex/latex/amsmath/amsmath.sty
Package: amsmath 2017/09/02 v2.17a AMS math features
\@mathmargin=\skip46

For additional information on amsmath, use the `?' option.
(/usr/share/texlive/texmf-dist/tex/latex/amsmath/amstext.sty
Package: amstext 2000/06/29 v2.01 AMS text

(/usr/share/texlive/texmf-dist/tex/latex/amsmath/amsgen.sty
File: amsgen.sty 1999/11/30 v2.0 generic functions
\@emptytoks=\toks22
\ex@=\dimen112
))
(/usr/share/texlive/texmf-dist/tex/latex/amsmath/amsbsy.sty
Package: amsbsy 1999/11/29 v1.2d Bold Symbols
\pmbraise@=\dimen113
)
(/usr/share/texlive/texmf-dist/tex/latex/amsmath/amsopn.sty
Package: amsopn 2016/03/08 v2.02 operator names
)
\inf@bad=\count90
LaTeX Info: Redefining \frac on input line 213.
\uproot@=\count91
\leftroot@=\count92
LaTeX Info: Redefining \overline on input line 375.
\classnum@=\count93
\DOTSCASE@=\count94
LaTeX Info: Redefining \ldots on input line 472.
LaTeX Info: Redefining \dots on input line 475.
LaTeX Info: Redefining \cdots on input line 596.
\Mathstrutbox@=\box26
\strutbox@=\box27
\big@size=\dimen114
LaTeX Font Info:    Redeclaring font encoding OML on input line 712.
LaTeX Font Info:    Redeclaring font encoding OMS on input line 713.
\macc@depth=\count95
\c@MaxMatrixCols=\count96
\dotsspace@=\muskip10
\c@parentequation=\count97
\dspbrk@lvl=\count98
\tag@help=\toks23
\row@=\count99
\column@=\count100
\maxfields@=\count101
\andhelp@=\toks24
\eqnshift@=\dimen115
\alignsep@=\dimen116
\tagshift@=\dimen117
\tagwidth@=\dimen118
\totwidth@=\dimen119
\lineht@=\dimen120
\@envbody=\toks25
\multlinegap=\skip47
\multlinetaggap=\skip48
\mathdisplay@stack=\toks26
LaTeX Info: Redefining \[ on input line 2817.
LaTeX Info: Redefining \] on input line 2818.
)
(/usr/share/texlive/texmf-dist/tex/latex/amsfonts/amssymb.sty
Package: amssymb 2013/01/14 v3.01 AMS font symbols
)
(/usr/share/texlive/texmf-dist/tex/latex/jknapltx/mathrsfs.sty
Package: mathrsfs 1996/01/01 Math RSFS package v1.0 (jk)
\symrsfs=\mathgroup6
)
(/usr/share/texlive/texmf-dist/tex/latex/algorithm2e/algorithm2e.sty
Package: algorithm2e 2017/07/18 v5.2 algorithms environments
\c@AlgoLine=\count102

(/usr/share/texlive/texmf-dist/tex/latex/base/ifthen.sty
Package: ifthen 2014/09/29 v1.1c Standard LaTeX ifthen package (DPC)
)
\algocf@hangindent=\skip49

(/usr/share/texlive/texmf-dist/tex/latex/ifoddpage/ifoddpage.sty
Package: ifoddpage 2016/04/23 v1.1 Conditionals for odd/even page detection
\c@checkoddpage=\count103
)
(/usr/share/texlive/texmf-dist/tex/latex/tools/xspace.sty
Package: xspace 2014/10/28 v1.13 Space after command names (DPC,MH)
)
(/usr/share/texlive/texmf-dist/tex/latex/relsize/relsize.sty
Package: relsize 2013/03/29 ver 4.1
)
\skiptotal=\skip50
\skiplinenumber=\skip51
\skiprule=\skip52
\skiphlne=\skip53
\skiptext=\skip54
\skiplength=\skip55
\algomargin=\skip56
\skipalgocfslide=\skip57
\algowidth=\dimen121
\inoutsize=\dimen122
\inoutindent=\dimen123
\interspacetitleruled=\dimen124
\interspacealgoruled=\dimen125
\interspacetitleboxruled=\dimen126
\algocf@ruledwidth=\skip58
\algocf@inoutbox=\box28
\algocf@inputbox=\box29
\AlCapSkip=\skip59
\AlCapHSkip=\skip60
\algoskipindent=\skip61
\algocf@nlbox=\box30
\algocf@hangingbox=\box31
\algocf@untilbox=\box32
\algocf@skipuntil=\skip62
\algocf@capbox=\box33
\algocf@lcaptionbox=\skip63
\algoheightruledefault=\skip64
\algoheightrule=\skip65
\algotitleheightruledefault=\skip66
\algotitleheightrule=\skip67
\c@algocfline=\count104
\c@algocfproc=\count105
\c@algocf=\count106
\algocf@algoframe=\box34
\algocf@algobox=\box35
)
\c@mydef=\count107
\c@myproposition=\count108

(./ProofDifficulty.aux)
\openout1 = `ProofDifficulty.aux'.

LaTeX Font Info:    Checking defaults for OML/cmm/m/it on input line 19.
LaTeX Font Info:    ... okay on input line 19.
LaTeX Font Info:    Checking defaults for T1/cmr/m/n on input line 19.
LaTeX Font Info:    ... okay on input line 19.
LaTeX Font Info:    Checking defaults for OT1/cmr/m/n on input line 19.
LaTeX Font Info:    ... okay on input line 19.
LaTeX Font Info:    Checking defaults for OMS/cmsy/m/n on input line 19.
LaTeX Font Info:    ... okay on input line 19.
LaTeX Font Info:    Checking defaults for OMX/cmex/m/n on input line 19.
LaTeX Font Info:    ... okay on input line 19.
LaTeX Font Info:    Checking defaults for U/cmr/m/n on input line 19.
LaTeX Font Info:    ... okay on input line 19.

(/usr/share/texlive/texmf-dist/tex/context/base/mkii/supp-pdf.mkii
[Loading MPS to PDF converter (version 2006.09.02).]
\scratchcounter=\count109
\scratchdimen=\dimen127
\scratchbox=\box36
\nofMPsegments=\count110
\nofMParguments=\count111
\everyMPshowfont=\toks27
\MPscratchCnt=\count112
\MPscratchDim=\dimen128
\MPnumerator=\count113
\makeMPintoPDFobject=\count114
\everyMPtoPDFconversion=\toks28
) (/usr/share/texlive/texmf-dist/tex/latex/oberdiek/epstopdf-base.sty
Package: epstopdf-base 2016/05/15 v2.6 Base part for package epstopdf

(/usr/share/texlive/texmf-dist/tex/generic/oberdiek/infwarerr.sty
Package: infwarerr 2016/05/16 v1.4 Providing info/warning/error messages (HO)
)
(/usr/share/texlive/texmf-dist/tex/latex/oberdiek/grfext.sty
Package: grfext 2016/05/16 v1.2 Manage graphics extensions (HO)

(/usr/share/texlive/texmf-dist/tex/generic/oberdiek/kvdefinekeys.sty
Package: kvdefinekeys 2016/05/16 v1.4 Define keys (HO)

(/usr/share/texlive/texmf-dist/tex/generic/oberdiek/ltxcmds.sty
Package: ltxcmds 2016/05/16 v1.23 LaTeX kernel commands for general use (HO)
)))
(/usr/share/texlive/texmf-dist/tex/latex/oberdiek/kvoptions.sty
Package: kvoptions 2016/05/16 v3.12 Key value format for package options (HO)

(/usr/share/texlive/texmf-dist/tex/generic/oberdiek/kvsetkeys.sty
Package: kvsetkeys 2016/05/16 v1.17 Key value parser (HO)

(/usr/share/texlive/texmf-dist/tex/generic/oberdiek/etexcmds.sty
Package: etexcmds 2016/05/16 v1.6 Avoid name clashes with e-TeX commands (HO)

(/usr/share/texlive/texmf-dist/tex/generic/oberdiek/ifluatex.sty
Package: ifluatex 2016/05/16 v1.4 Provides the ifluatex switch (HO)
Package ifluatex Info: LuaTeX not detected.
)
Package etexcmds Info: Could not find \expanded.
(etexcmds)             That can mean that you are not using pdfTeX 1.50 or
(etexcmds)             that some package has redefined \expanded.
(etexcmds)             In the latter case, load this package earlier.
)))
(/usr/share/texlive/texmf-dist/tex/generic/oberdiek/pdftexcmds.sty
Package: pdftexcmds 2018/01/21 v0.26 Utility functions of pdfTeX for LuaTeX (HO
)

(/usr/share/texlive/texmf-dist/tex/generic/oberdiek/ifpdf.sty
Package: ifpdf 2017/03/15 v3.2 Provides the ifpdf switch
)
Package pdftexcmds Info: LuaTeX not detected.
Package pdftexcmds Info: \pdf@primitive is available.
Package pdftexcmds Info: \pdf@ifprimitive is available.
Package pdftexcmds Info: \pdfdraftmode found.
)
Package epstopdf-base Info: Redefining graphics rule for `.eps' on input line 4
38.
Package grfext Info: Graphics extension search list:
(grfext)             [.pdf,.png,.jpg,.mps,.jpeg,.jbig2,.jb2,.PDF,.PNG,.JPG,.JPE
G,.JBIG2,.JB2,.eps]
(grfext)             \AppendGraphicsExtensions on input line 456.

(/usr/share/texlive/texmf-dist/tex/latex/latexconfig/epstopdf-sys.cfg
File: epstopdf-sys.cfg 2010/07/13 v1.3 Configuration of (r)epstopdf for TeX Liv
e
))
Package caption Info: Begin \AtBeginDocument code.
Package caption Info: End \AtBeginDocument code.
LaTeX Font Info:    Try loading font information for U+msa on input line 20.

(/usr/share/texlive/texmf-dist/tex/latex/amsfonts/umsa.fd
File: umsa.fd 2013/01/14 v3.01 AMS symbols A
)
LaTeX Font Info:    Try loading font information for U+msb on input line 20.

(/usr/share/texlive/texmf-dist/tex/latex/amsfonts/umsb.fd
File: umsb.fd 2013/01/14 v3.01 AMS symbols B
)
LaTeX Font Info:    Try loading font information for U+rsfs on input line 20.

(/usr/share/texlive/texmf-dist/tex/latex/jknapltx/ursfs.fd
File: ursfs.fd 1998/03/24 rsfs font definition file (jk)
)
<./images/PN_tc_and_03_01.png, id=1, 1483.5425pt x 545.03625pt>
File: ./images/PN_tc_and_03_01.png Graphic file (type png)
<use ./images/PN_tc_and_03_01.png>
Package pdftex.def Info: ./images/PN_tc_and_03_01.png  used on input line 32.
(pdftex.def)             Requested size: 345.0pt x 126.74457pt.


LaTeX Warning: `!h' float specifier changed to `!ht'.


LaTeX Warning: Reference `def: supported-connection' on page 1 undefined on inp
ut line 37.


Overfull \hbox (31.15785pt too wide) detected at line 39
\OML/cmm/m/it/10 Wlt\OT1/cmr/m/n/10 (\OML/cmm/m/it/10 XORB[]; XORB[]\OT1/cmr/m/
n/10 ) = \OML/cmm/m/it/10 Wlt[]\OT1/cmr/m/n/10 (\OML/cmm/m/it/10 XORB[]; XORB[]
\OT1/cmr/m/n/10 ) + \OML/cmm/m/it/10 Wlt[]\OT1/cmr/m/n/10 (\OML/cmm/m/it/10 XOR
B[]; XORB[]\OT1/cmr/m/n/10 )
 []


Overfull \hbox (49.25746pt too wide) in paragraph at lines 39--43
\OT1/cmr/m/it/10 of pos-si-ble directly-follows xor branche set $\OML/cmm/m/it/
10 XORB[] \OT1/cmr/m/n/10 = \OMS/cmsy/m/n/10 f\OML/cmm/m/it/10 XORB[]; XORB[]; 
:::XORB[]\OMS/cmsy/m/n/10 g$
 []


Underfull \hbox (badness 10000) in paragraph at lines 39--43

 []


Underfull \hbox (badness 10000) in paragraph at lines 39--43

 []

[1

{/var/lib/texmf/fonts/map/pdftex/updmap/pdftex.map}]
Overfull \hbox (6.89934pt too wide) in paragraph at lines 44--45
[]\OT1/cmr/m/n/10 The $\OML/cmm/m/it/10 F[]\OT1/cmr/m/n/10 (\OML/cmm/m/it/10 XO
RB[]; XORB[]\OT1/cmr/m/n/10 )$ and $\OML/cmm/m/it/10 F[]\OT1/cmr/m/n/10 (\OML/c
mm/m/it/10 XORB[]; XORB[]\OT1/cmr/m/n/10 )$ are the fre-quency
 []


Overfull \hbox (17.12938pt too wide) in paragraph at lines 48--50
\OML/cmm/m/it/10 B[] \OT1/cmr/m/n/10 = []\OML/cmm/m/it/10 ; B[] \OT1/cmr/m/n/10
 = []$\OT1/cmr/m/it/10 ,
 []

<./images/RelationOfThreshold-LTThreshold.png, id=16, 291.0875pt x 175.65625pt>

File: ./images/RelationOfThreshold-LTThreshold.png Graphic file (type png)
<use ./images/RelationOfThreshold-LTThreshold.png>
Package pdftex.def Info: ./images/RelationOfThreshold-LTThreshold.png  used on 
input line 55.
(pdftex.def)             Requested size: 345.0pt x 208.2053pt.

LaTeX Warning: `!h' float specifier changed to `!ht'.

LaTeX Font Info:    Try loading font information for OMS+cmr on input line 64.
(/usr/share/texlive/texmf-dist/tex/latex/base/omscmr.fd
File: omscmr.fd 2014/09/29 v2.5h Standard LaTeX font definitions
)
LaTeX Font Info:    Font shape `OMS/cmr/m/it' in size <10> not available
(Font)              Font shape `OMS/cmsy/m/n' tried instead on input line 64.

Overfull \hbox (65.97383pt too wide) detected at line 64
\OML/cmm/m/it/10 W\OT1/cmr/m/n/10 (\OML/cmm/m/it/10 E[]\OT1/cmr/m/n/10 (\OML/cm
m/m/it/10 A; B\OT1/cmr/m/n/10 )) = \OML/cmm/m/it/10 Weight\OT1/cmr/m/n/10 (\OML
/cmm/m/it/10 E[]\OT1/cmr/m/n/10 (\OML/cmm/m/it/10 A; B\OT1/cmr/m/n/10 )) + \OML
/cmm/m/it/10 Weight\OT1/cmr/m/n/10 (\OML/cmm/m/it/10 E[]\OT1/cmr/m/n/10 (\OML/c
mm/m/it/10 A; B\OT1/cmr/m/n/10 )) \OMS/cmsy/m/n/10 ^^@ \OML/cmm/m/it/10 Weight\
OT1/cmr/m/n/10 (\OML/cmm/m/it/10 E[]\OT1/cmr/m/n/10 (\OML/cmm/m/it/10 A; B\OT1/
cmr/m/n/10 ))
 []

[2 <./images/PN_tc_and_03_01.png>]
Overfull \hbox (7.17882pt too wide) in paragraph at lines 71--72
\OT1/cmr/bx/n/10 Proposition 2.2. \OT1/cmr/m/it/10 for one xor branch $\OML/cmm
/m/it/10 XORB[]$\OT1/cmr/m/it/10 , if $\OML/cmm/m/it/10 W\OT1/cmr/m/n/10 (\OML/
cmm/m/it/10 M; XORB[]\OT1/cmr/m/n/10 ) \OML/cmm/m/it/10 > threshold$\OT1/cmr/m/
it/10 , 
 []

[3 <./images/RelationOfThreshold-LTThreshold.png>]
Overfull \hbox (57.89896pt too wide) detected at line 104
[][]
 []

[4]
LaTeX Font Info:    Font shape `OMS/cmr/m/n' in size <10> not available
(Font)              Font shape `OMS/cmsy/m/n' tried instead on input line 111.
<./images/LT_Seq_01_Original.png, id=33, 404.51125pt x 121.45375pt>
File: ./images/LT_Seq_01_Original.png Graphic file (type png)
<use ./images/LT_Seq_01_Original.png>
Package pdftex.def Info: ./images/LT_Seq_01_Original.png  used on input line 15
6.
(pdftex.def)             Requested size: 345.0pt x 103.58641pt.
<./images/LT_Seq_01_SetCases.png, id=34, 483.8075pt x 92.345pt>
File: ./images/LT_Seq_01_SetCases.png Graphic file (type png)
<use ./images/LT_Seq_01_SetCases.png>
Package pdftex.def Info: ./images/LT_Seq_01_SetCases.png  used on input line 16
4.
(pdftex.def)             Requested size: 345.0pt x 65.85284pt.
 [5 <./images/LT_Seq_01_Original.png> <./images/LT_Seq_01_SetCases.png>]
<./images/LT_ControlPlace_01.png, id=41, 675.52374pt x 392.46625pt>
File: ./images/LT_ControlPlace_01.png Graphic file (type png)
<use ./images/LT_ControlPlace_01.png>
Package pdftex.def Info: ./images/LT_ControlPlace_01.png  used on input line 17
6.
(pdftex.def)             Requested size: 345.0pt x 200.44258pt.


LaTeX Warning: `!h' float specifier changed to `!ht'.

<./images/LT_Seq_01_Case_01.png, id=42, 404.51125pt x 131.49126pt>
File: ./images/LT_Seq_01_Case_01.png Graphic file (type png)
<use ./images/LT_Seq_01_Case_01.png>
Package pdftex.def Info: ./images/LT_Seq_01_Case_01.png  used on input line 184
.
(pdftex.def)             Requested size: 345.0pt x 112.1473pt.

Overfull \hbox (15.05629pt too wide) in paragraph at lines 180--188
[]\OT1/cmr/m/n/10 In the sit-u-a-tion b.1, given long-term de-pen-dency, LT(\OM
S/cmsy/m/n/10 f\OT1/cmr/m/n/10 A\OMS/cmsy/m/n/10 g\OT1/cmr/m/n/10 )=\OMS/cmsy/m
/n/10 f\OT1/cmr/m/n/10 D\OMS/cmsy/m/n/10 g\OT1/cmr/m/n/10 , LT(\OMS/cmsy/m/n/10
 f\OT1/cmr/m/n/10 B\OMS/cmsy/m/n/10 g\OT1/cmr/m/n/10 )=\OMS/cmsy/m/n/10 f\OT1/c
mr/m/n/10 E\OMS/cmsy/m/n/10 g\OT1/cmr/m/n/10 .
 []

[6]
<./images/LT_Seq_01_Case_02.png, id=47, 404.51125pt x 161.60374pt>
File: ./images/LT_Seq_01_Case_02.png Graphic file (type png)
<use ./images/LT_Seq_01_Case_02.png>
Package pdftex.def Info: ./images/LT_Seq_01_Case_02.png  used on input line 191
.
(pdftex.def)             Requested size: 345.0pt x 137.82988pt.


LaTeX Warning: `!h' float specifier changed to `!ht'.

[7 <./images/LT_ControlPlace_01.png> <./images/LT_Seq_01_Case_01.png>]
Overfull \hbox (74.50102pt too wide) in paragraph at lines 198--201
\OT1/cmr/m/n/10 de-pen-dency, LT(\OMS/cmsy/m/n/10 f\OT1/cmr/m/n/10 S1\OMS/cmsy/
m/n/10 g\OT1/cmr/m/n/10 )=\OMS/cmsy/m/n/10 f\OT1/cmr/m/n/10 B1,C1\OMS/cmsy/m/n/
10 g\OT1/cmr/m/n/10 , LT(\OMS/cmsy/m/n/10 f\OT1/cmr/m/n/10 S1\OMS/cmsy/m/n/10 g
\OT1/cmr/m/n/10 )=\OMS/cmsy/m/n/10 f\OT1/cmr/m/n/10 B1,C2\OMS/cmsy/m/n/10 g \OT
1/cmr/m/n/10 , LT(\OMS/cmsy/m/n/10 f\OT1/cmr/m/n/10 S2\OMS/cmsy/m/n/10 g\OT1/cm
r/m/n/10 )=\OMS/cmsy/m/n/10 f\OT1/cmr/m/n/10 B1,C2\OMS/cmsy/m/n/10 g\OT1/cmr/m/
n/10 , LT(\OMS/cmsy/m/n/10 f\OT1/cmr/m/n/10 S2\OMS/cmsy/m/n/10 g\OT1/cmr/m/n/10
 )=\OMS/cmsy/m/n/10 f\OT1/cmr/m/n/10 B2,C2\OMS/cmsy/m/n/10 g\OT1/cmr/m/n/10 ,
 []


Overfull \hbox (23.44533pt too wide) in paragraph at lines 198--201
\OT1/cmr/m/n/10 LT(\OMS/cmsy/m/n/10 f\OT1/cmr/m/n/10 B1,C1\OMS/cmsy/m/n/10 g\OT
1/cmr/m/n/10 )=\OMS/cmsy/m/n/10 f\OT1/cmr/m/n/10 T1\OMS/cmsy/m/n/10 g\OT1/cmr/m
/n/10 , LT(\OMS/cmsy/m/n/10 f\OT1/cmr/m/n/10 B2,C1\OMS/cmsy/m/n/10 g\OT1/cmr/m/
n/10 )=\OMS/cmsy/m/n/10 f\OT1/cmr/m/n/10 T1\OMS/cmsy/m/n/10 g\OT1/cmr/m/n/10 , 
LT(\OMS/cmsy/m/n/10 f\OT1/cmr/m/n/10 B2,C2\OMS/cmsy/m/n/10 g\OT1/cmr/m/n/10 )=\
OMS/cmsy/m/n/10 f\OT1/cmr/m/n/10 T2\OMS/cmsy/m/n/10 g\OT1/cmr/m/n/10 , LT(\OMS/
cmsy/m/n/10 f\OT1/cmr/m/n/10 B2,C2\OMS/cmsy/m/n/10 g\OT1/cmr/m/n/10 )=\OMS/cmsy
/m/n/10 f\OT1/cmr/m/n/10 T1\OMS/cmsy/m/n/10 g\OT1/cmr/m/n/10 .
 []

<./images/LT_And_Case_01.png, id=54, 790.955pt x 236.885pt>
File: ./images/LT_And_Case_01.png Graphic file (type png)
<use ./images/LT_And_Case_01.png>
Package pdftex.def Info: ./images/LT_And_Case_01.png  used on input line 207.
(pdftex.def)             Requested size: 345.0pt x 103.32607pt.
[8 <./images/LT_Seq_01_Case_02.png> <./images/LT_And_Case_01.png>] [9]
(./ProofDifficulty.aux)

LaTeX Warning: There were undefined references.

 ) 
Here is how much of TeX's memory you used:
 4650 strings out of 494847
 70567 string characters out of 6179079
 138056 words of memory out of 5000000
 7890 multiletter control sequences out of 15000+600000
 15222 words of font info for 59 fonts, out of 8000000 for 9000
 59 hyphenation exceptions out of 8191
 41i,12n,39p,717b,463s stack positions out of 5000i,500n,10000p,200000b,80000s
</usr/share/texlive/texmf-dist/fonts/type1/public/amsfonts/cm/cmbx10.pfb></us
r/share/texlive/texmf-dist/fonts/type1/public/amsfonts/cm/cmbx12.pfb></usr/shar
e/texlive/texmf-dist/fonts/type1/public/amsfonts/cm/cmbx7.pfb></usr/share/texli
ve/texmf-dist/fonts/type1/public/amsfonts/cm/cmbxti10.pfb></usr/share/texlive/t
exmf-dist/fonts/type1/public/amsfonts/cm/cmex10.pfb></usr/share/texlive/texmf-d
ist/fonts/type1/public/amsfonts/cm/cmmi10.pfb></usr/share/texlive/texmf-dist/fo
nts/type1/public/amsfonts/cm/cmmi5.pfb></usr/share/texlive/texmf-dist/fonts/typ
e1/public/amsfonts/cm/cmmi7.pfb></usr/share/texlive/texmf-dist/fonts/type1/publ
ic/amsfonts/cm/cmr10.pfb></usr/share/texlive/texmf-dist/fonts/type1/public/amsf
onts/cm/cmr12.pfb></usr/share/texlive/texmf-dist/fonts/type1/public/amsfonts/cm
/cmr17.pfb></usr/share/texlive/texmf-dist/fonts/type1/public/amsfonts/cm/cmr7.p
fb></usr/share/texlive/texmf-dist/fonts/type1/public/amsfonts/cm/cmr9.pfb></usr
/share/texlive/texmf-dist/fonts/type1/public/amsfonts/cm/cmsy10.pfb></usr/share
/texlive/texmf-dist/fonts/type1/public/amsfonts/cm/cmsy7.pfb></usr/share/texliv
e/texmf-dist/fonts/type1/public/amsfonts/cm/cmti10.pfb>
Output written on ProofDifficulty.pdf (9 pages, 358758 bytes).
PDF statistics:
 114 PDF objects out of 1000 (max. 8388607)
 71 compressed objects within 1 object stream
 0 named destinations out of 1000 (max. 500000)
 41 words of extra memory for PDF output out of 10000 (max. 10000000)

