\BOOKMARK [0][-]{chapter*.1}{Aknowledgement}{}% 1
\BOOKMARK [0][-]{chapter*.2}{Abstract}{}% 2
\BOOKMARK [0][-]{chapter.1}{Implementation}{}% 3
\BOOKMARK [1][-]{section.1.1}{Implementation Platforms}{chapter.1}% 4
\BOOKMARK [2][-]{subsection.1.1.1}{Process Mining Platform \205 ProM}{section.1.1}% 5
\BOOKMARK [2][-]{subsection.1.1.2}{KNIME}{section.1.1}% 6
\BOOKMARK [1][-]{section.1.2}{Generate a Petri net}{chapter.1}% 7
\BOOKMARK [1][-]{section.1.3}{Post Process to Add Long-term Dependency }{chapter.1}% 8
\BOOKMARK [1][-]{section.1.4}{Post Process to Reduce Redundant Silent Transitions and Places}{chapter.1}% 9
\BOOKMARK [1][-]{section.1.5}{Additional Feature to Show Evaluation Result}{chapter.1}% 10
\BOOKMARK [1][-]{section.1.6}{Integration into KNIME}{chapter.1}% 11
\BOOKMARK [0][-]{chapter.2}{Evaluation}{}% 12
\BOOKMARK [1][-]{section.2.1}{Evaluation Measurements}{chapter.2}% 13
\BOOKMARK [1][-]{section.2.2}{Experiment Platforms}{chapter.2}% 14
\BOOKMARK [2][-]{subsection.2.2.1}{KNIME}{section.2.2}% 15
\BOOKMARK [2][-]{subsection.2.2.2}{ProM Evaluation Plugins}{section.2.2}% 16
\BOOKMARK [1][-]{section.2.3}{Experiment Results}{chapter.2}% 17
\BOOKMARK [2][-]{subsection.2.3.1}{Test on Demo Example}{section.2.3}% 18
\BOOKMARK [2][-]{subsection.2.3.2}{Test On Real life Data}{section.2.3}% 19
\BOOKMARK [0][-]{chapter.3}{Conclusion}{}% 20
\BOOKMARK [0][-]{chapter*.21}{Bibliography}{}% 21
