This is pdfTeX, Version 3.14159265-2.6-1.40.19 (MiKTeX 2.9.6930) (preloaded format=pdflatex 2019.2.27)  17 APR 2019 23:10
entering extended mode
**./main.tex
(main.tex
LaTeX2e <2018-12-01>
(WCarticle.cls ("C:\Program Files (x86)\MiKTeX 2.9\tex/latex/base\report.cls"
Document Class: report 2018/09/03 v1.4i Standard LaTeX document class
("C:\Program Files (x86)\MiKTeX 2.9\tex/latex/base\size11.clo"
File: size11.clo 2018/09/03 v1.4i Standard LaTeX file (size option)
)
\c@part=\count80
\c@chapter=\count81
\c@section=\count82
\c@subsection=\count83
\c@subsubsection=\count84
\c@paragraph=\count85
\c@subparagraph=\count86
\c@figure=\count87
\c@table=\count88
\abovecaptionskip=\skip41
\belowcaptionskip=\skip42
\bibindent=\dimen102
)
Document Class: WCarticle 
("C:\Program Files (x86)\MiKTeX 2.9\tex/latex/base\inputenc.sty"
Package: inputenc 2018/08/11 v1.3c Input encoding file
\inpenc@prehook=\toks14
\inpenc@posthook=\toks15
)
("C:\Program Files (x86)\MiKTeX 2.9\tex/latex/base\fontenc.sty"
Package: fontenc 2018/08/11 v2.0j Standard LaTeX package

("C:\Program Files (x86)\MiKTeX 2.9\tex/latex/base\t1enc.def"
File: t1enc.def 2018/08/11 v2.0j Standard LaTeX file
LaTeX Font Info:    Redeclaring font encoding T1 on input line 48.
))
(C:\Users\ding\AppData\Roaming\MiKTeX\2.9\tex/latex/xcolor\xcolor.sty
Package: xcolor 2016/05/11 v2.12 LaTeX color extensions (UK)

("C:\Program Files (x86)\MiKTeX 2.9\tex/latex/graphics-cfg\color.cfg"
File: color.cfg 2016/01/02 v1.6 sample color configuration
)
Package xcolor Info: Driver file: pdftex.def on input line 225.

("C:\Program Files (x86)\MiKTeX 2.9\tex/latex/graphics-def\pdftex.def"
File: pdftex.def 2018/01/08 v1.0l Graphics/color driver for pdftex
)
Package xcolor Info: Model `cmy' substituted by `cmy0' on input line 1348.
Package xcolor Info: Model `hsb' substituted by `rgb' on input line 1352.
Package xcolor Info: Model `RGB' extended on input line 1364.
Package xcolor Info: Model `HTML' substituted by `rgb' on input line 1366.
Package xcolor Info: Model `Hsb' substituted by `hsb' on input line 1367.
Package xcolor Info: Model `tHsb' substituted by `hsb' on input line 1368.
Package xcolor Info: Model `HSB' substituted by `hsb' on input line 1369.
Package xcolor Info: Model `Gray' substituted by `gray' on input line 1370.
Package xcolor Info: Model `wave' substituted by `hsb' on input line 1371.
)
("C:\Program Files (x86)\MiKTeX 2.9\tex/latex/lm\lmodern.sty"
Package: lmodern 2009/10/30 v1.6 Latin Modern Fonts
LaTeX Font Info:    Overwriting symbol font `operators' in version `normal'
(Font)                  OT1/cmr/m/n --> OT1/lmr/m/n on input line 22.
LaTeX Font Info:    Overwriting symbol font `letters' in version `normal'
(Font)                  OML/cmm/m/it --> OML/lmm/m/it on input line 23.
LaTeX Font Info:    Overwriting symbol font `symbols' in version `normal'
(Font)                  OMS/cmsy/m/n --> OMS/lmsy/m/n on input line 24.
LaTeX Font Info:    Overwriting symbol font `largesymbols' in version `normal'
(Font)                  OMX/cmex/m/n --> OMX/lmex/m/n on input line 25.
LaTeX Font Info:    Overwriting symbol font `operators' in version `bold'
(Font)                  OT1/cmr/bx/n --> OT1/lmr/bx/n on input line 26.
LaTeX Font Info:    Overwriting symbol font `letters' in version `bold'
(Font)                  OML/cmm/b/it --> OML/lmm/b/it on input line 27.
LaTeX Font Info:    Overwriting symbol font `symbols' in version `bold'
(Font)                  OMS/cmsy/b/n --> OMS/lmsy/b/n on input line 28.
LaTeX Font Info:    Overwriting symbol font `largesymbols' in version `bold'
(Font)                  OMX/cmex/m/n --> OMX/lmex/m/n on input line 29.
LaTeX Font Info:    Overwriting math alphabet `\mathbf' in version `normal'
(Font)                  OT1/cmr/bx/n --> OT1/lmr/bx/n on input line 31.
LaTeX Font Info:    Overwriting math alphabet `\mathsf' in version `normal'
(Font)                  OT1/cmss/m/n --> OT1/lmss/m/n on input line 32.
LaTeX Font Info:    Overwriting math alphabet `\mathit' in version `normal'
(Font)                  OT1/cmr/m/it --> OT1/lmr/m/it on input line 33.
LaTeX Font Info:    Overwriting math alphabet `\mathtt' in version `normal'
(Font)                  OT1/cmtt/m/n --> OT1/lmtt/m/n on input line 34.
LaTeX Font Info:    Overwriting math alphabet `\mathbf' in version `bold'
(Font)                  OT1/cmr/bx/n --> OT1/lmr/bx/n on input line 35.
LaTeX Font Info:    Overwriting math alphabet `\mathsf' in version `bold'
(Font)                  OT1/cmss/bx/n --> OT1/lmss/bx/n on input line 36.
LaTeX Font Info:    Overwriting math alphabet `\mathit' in version `bold'
(Font)                  OT1/cmr/bx/it --> OT1/lmr/bx/it on input line 37.
LaTeX Font Info:    Overwriting math alphabet `\mathtt' in version `bold'
(Font)                  OT1/cmtt/m/n --> OT1/lmtt/m/n on input line 38.
)
("C:\Program Files (x86)\MiKTeX 2.9\tex/latex/geometry\geometry.sty"
Package: geometry 2018/04/16 v5.8 Page Geometry

("C:\Program Files (x86)\MiKTeX 2.9\tex/latex/graphics\keyval.sty"
Package: keyval 2014/10/28 v1.15 key=value parser (DPC)
\KV@toks@=\toks16
)
("C:\Program Files (x86)\MiKTeX 2.9\tex/generic/oberdiek\ifpdf.sty"
Package: ifpdf 2018/09/07 v3.3 Provides the ifpdf switch
)
("C:\Program Files (x86)\MiKTeX 2.9\tex/generic/oberdiek\ifvtex.sty"
Package: ifvtex 2016/05/16 v1.6 Detect VTeX and its facilities (HO)
Package ifvtex Info: VTeX not detected.
)
("C:\Program Files (x86)\MiKTeX 2.9\tex/generic/ifxetex\ifxetex.sty"
Package: ifxetex 2010/09/12 v0.6 Provides ifxetex conditional
)
\Gm@cnth=\count89
\Gm@cntv=\count90
\c@Gm@tempcnt=\count91
\Gm@bindingoffset=\dimen103
\Gm@wd@mp=\dimen104
\Gm@odd@mp=\dimen105
\Gm@even@mp=\dimen106
\Gm@layoutwidth=\dimen107
\Gm@layoutheight=\dimen108
\Gm@layouthoffset=\dimen109
\Gm@layoutvoffset=\dimen110
\Gm@dimlist=\toks17

("C:\Program Files (x86)\MiKTeX 2.9\tex/latex/geometry\geometry.cfg"))

Package geometry Warning: Over-specification in `h'-direction.
    `width' (597.50787pt) is ignored.


Package geometry Warning: Over-specification in `v'-direction.
    `height' (845.04684pt) is ignored.

(C:\Users\ding\AppData\Roaming\MiKTeX\2.9\tex/latex/fancyhdr\fancyhdr.sty
Package: fancyhdr 2019/01/31 v3.10 Extensive control of page headers and footer
s
\f@nch@headwidth=\skip43
\f@nch@O@elh=\skip44
\f@nch@O@erh=\skip45
\f@nch@O@olh=\skip46
\f@nch@O@orh=\skip47
\f@nch@O@elf=\skip48
\f@nch@O@erf=\skip49
\f@nch@O@olf=\skip50
\f@nch@O@orf=\skip51
)
(C:\Users\ding\AppData\Roaming\MiKTeX\2.9\tex/latex/pgf/frontendlayer\tikz.sty
(C:\Users\ding\AppData\Roaming\MiKTeX\2.9\tex/latex/pgf/basiclayer\pgf.sty
(C:\Users\ding\AppData\Roaming\MiKTeX\2.9\tex/latex/pgf/utilities\pgfrcs.sty
(C:\Users\ding\AppData\Roaming\MiKTeX\2.9\tex/generic/pgf/utilities\pgfutil-com
mon.tex
\pgfutil@everybye=\toks18
\pgfutil@tempdima=\dimen111
\pgfutil@tempdimb=\dimen112

(C:\Users\ding\AppData\Roaming\MiKTeX\2.9\tex/generic/pgf/utilities\pgfutil-com
mon-lists.tex))
(C:\Users\ding\AppData\Roaming\MiKTeX\2.9\tex/generic/pgf/utilities\pgfutil-lat
ex.def
\pgfutil@abb=\box27
 (C:\Users\ding\AppData\Roaming\MiKTeX\2.9\tex/latex/ms\everyshi.sty
Package: everyshi 2001/05/15 v3.00 EveryShipout Package (MS)
))
(C:\Users\ding\AppData\Roaming\MiKTeX\2.9\tex/generic/pgf/utilities\pgfrcs.code
.tex (C:\Users\ding\AppData\Roaming\MiKTeX\2.9\tex/generic/pgf\pgf.revision.tex
)
Package: pgfrcs 2019/02/02 v3.1.1 (3.1.1)
))
Package: pgf 2019/02/02 v3.1.1 (3.1.1)

(C:\Users\ding\AppData\Roaming\MiKTeX\2.9\tex/latex/pgf/basiclayer\pgfcore.sty
("C:\Program Files (x86)\MiKTeX 2.9\tex/latex/graphics\graphicx.sty"
Package: graphicx 2017/06/01 v1.1a Enhanced LaTeX Graphics (DPC,SPQR)

("C:\Program Files (x86)\MiKTeX 2.9\tex/latex/graphics\graphics.sty"
Package: graphics 2017/06/25 v1.2c Standard LaTeX Graphics (DPC,SPQR)

("C:\Program Files (x86)\MiKTeX 2.9\tex/latex/graphics\trig.sty"
Package: trig 2016/01/03 v1.10 sin cos tan (DPC)
)
("C:\Program Files (x86)\MiKTeX 2.9\tex/latex/graphics-cfg\graphics.cfg"
File: graphics.cfg 2016/06/04 v1.11 sample graphics configuration
)
Package graphics Info: Driver file: pdftex.def on input line 99.
)
\Gin@req@height=\dimen113
\Gin@req@width=\dimen114
)
(C:\Users\ding\AppData\Roaming\MiKTeX\2.9\tex/latex/pgf/systemlayer\pgfsys.sty
(C:\Users\ding\AppData\Roaming\MiKTeX\2.9\tex/generic/pgf/systemlayer\pgfsys.co
de.tex
Package: pgfsys 2019/02/02 v3.1.1 (3.1.1)

(C:\Users\ding\AppData\Roaming\MiKTeX\2.9\tex/generic/pgf/utilities\pgfkeys.cod
e.tex
\pgfkeys@pathtoks=\toks19
\pgfkeys@temptoks=\toks20

(C:\Users\ding\AppData\Roaming\MiKTeX\2.9\tex/generic/pgf/utilities\pgfkeysfilt
ered.code.tex
\pgfkeys@tmptoks=\toks21
))
\pgf@x=\dimen115
\pgf@y=\dimen116
\pgf@xa=\dimen117
\pgf@ya=\dimen118
\pgf@xb=\dimen119
\pgf@yb=\dimen120
\pgf@xc=\dimen121
\pgf@yc=\dimen122
\w@pgf@writea=\write3
\r@pgf@reada=\read1
\c@pgf@counta=\count92
\c@pgf@countb=\count93
\c@pgf@countc=\count94
\c@pgf@countd=\count95
\t@pgf@toka=\toks22
\t@pgf@tokb=\toks23
\t@pgf@tokc=\toks24
\pgf@sys@id@count=\count96

(C:\Users\ding\AppData\Roaming\MiKTeX\2.9\tex/generic/pgf/systemlayer\pgf.cfg
File: pgf.cfg 2019/02/02 v3.1.1 (3.1.1)
)
Driver file for pgf: pgfsys-pdftex.def

(C:\Users\ding\AppData\Roaming\MiKTeX\2.9\tex/generic/pgf/systemlayer\pgfsys-pd
ftex.def
File: pgfsys-pdftex.def 2019/02/02 v3.1.1 (3.1.1)

(C:\Users\ding\AppData\Roaming\MiKTeX\2.9\tex/generic/pgf/systemlayer\pgfsys-co
mmon-pdf.def
File: pgfsys-common-pdf.def 2019/02/02 v3.1.1 (3.1.1)
)))
(C:\Users\ding\AppData\Roaming\MiKTeX\2.9\tex/generic/pgf/systemlayer\pgfsyssof
tpath.code.tex
File: pgfsyssoftpath.code.tex 2019/02/02 v3.1.1 (3.1.1)
\pgfsyssoftpath@smallbuffer@items=\count97
\pgfsyssoftpath@bigbuffer@items=\count98
)
(C:\Users\ding\AppData\Roaming\MiKTeX\2.9\tex/generic/pgf/systemlayer\pgfsyspro
tocol.code.tex
File: pgfsysprotocol.code.tex 2019/02/02 v3.1.1 (3.1.1)
))
(C:\Users\ding\AppData\Roaming\MiKTeX\2.9\tex/generic/pgf/basiclayer\pgfcore.co
de.tex
Package: pgfcore 2019/02/02 v3.1.1 (3.1.1)

(C:\Users\ding\AppData\Roaming\MiKTeX\2.9\tex/generic/pgf/math\pgfmath.code.tex

(C:\Users\ding\AppData\Roaming\MiKTeX\2.9\tex/generic/pgf/math\pgfmathcalc.code
.tex
(C:\Users\ding\AppData\Roaming\MiKTeX\2.9\tex/generic/pgf/math\pgfmathutil.code
.tex)
(C:\Users\ding\AppData\Roaming\MiKTeX\2.9\tex/generic/pgf/math\pgfmathparser.co
de.tex
\pgfmath@dimen=\dimen123
\pgfmath@count=\count99
\pgfmath@box=\box28
\pgfmath@toks=\toks25
\pgfmath@stack@operand=\toks26
\pgfmath@stack@operation=\toks27
)
(C:\Users\ding\AppData\Roaming\MiKTeX\2.9\tex/generic/pgf/math\pgfmathfunctions
.code.tex
(C:\Users\ding\AppData\Roaming\MiKTeX\2.9\tex/generic/pgf/math\pgfmathfunctions
.basic.code.tex)
(C:\Users\ding\AppData\Roaming\MiKTeX\2.9\tex/generic/pgf/math\pgfmathfunctions
.trigonometric.code.tex)
(C:\Users\ding\AppData\Roaming\MiKTeX\2.9\tex/generic/pgf/math\pgfmathfunctions
.random.code.tex)
(C:\Users\ding\AppData\Roaming\MiKTeX\2.9\tex/generic/pgf/math\pgfmathfunctions
.comparison.code.tex)
(C:\Users\ding\AppData\Roaming\MiKTeX\2.9\tex/generic/pgf/math\pgfmathfunctions
.base.code.tex)
(C:\Users\ding\AppData\Roaming\MiKTeX\2.9\tex/generic/pgf/math\pgfmathfunctions
.round.code.tex)
(C:\Users\ding\AppData\Roaming\MiKTeX\2.9\tex/generic/pgf/math\pgfmathfunctions
.misc.code.tex)
(C:\Users\ding\AppData\Roaming\MiKTeX\2.9\tex/generic/pgf/math\pgfmathfunctions
.integerarithmetics.code.tex)))
(C:\Users\ding\AppData\Roaming\MiKTeX\2.9\tex/generic/pgf/math\pgfmathfloat.cod
e.tex
\c@pgfmathroundto@lastzeros=\count100
))
(C:\Users\ding\AppData\Roaming\MiKTeX\2.9\tex/generic/pgf/basiclayer\pgfcorepoi
nts.code.tex
File: pgfcorepoints.code.tex 2019/02/02 v3.1.1 (3.1.1)
\pgf@picminx=\dimen124
\pgf@picmaxx=\dimen125
\pgf@picminy=\dimen126
\pgf@picmaxy=\dimen127
\pgf@pathminx=\dimen128
\pgf@pathmaxx=\dimen129
\pgf@pathminy=\dimen130
\pgf@pathmaxy=\dimen131
\pgf@xx=\dimen132
\pgf@xy=\dimen133
\pgf@yx=\dimen134
\pgf@yy=\dimen135
\pgf@zx=\dimen136
\pgf@zy=\dimen137
)
(C:\Users\ding\AppData\Roaming\MiKTeX\2.9\tex/generic/pgf/basiclayer\pgfcorepat
hconstruct.code.tex
File: pgfcorepathconstruct.code.tex 2019/02/02 v3.1.1 (3.1.1)
\pgf@path@lastx=\dimen138
\pgf@path@lasty=\dimen139
)
(C:\Users\ding\AppData\Roaming\MiKTeX\2.9\tex/generic/pgf/basiclayer\pgfcorepat
husage.code.tex
File: pgfcorepathusage.code.tex 2019/02/02 v3.1.1 (3.1.1)
\pgf@shorten@end@additional=\dimen140
\pgf@shorten@start@additional=\dimen141
)
(C:\Users\ding\AppData\Roaming\MiKTeX\2.9\tex/generic/pgf/basiclayer\pgfcoresco
pes.code.tex
File: pgfcorescopes.code.tex 2019/02/02 v3.1.1 (3.1.1)
\pgfpic=\box29
\pgf@hbox=\box30
\pgf@layerbox@main=\box31
\pgf@picture@serial@count=\count101
)
(C:\Users\ding\AppData\Roaming\MiKTeX\2.9\tex/generic/pgf/basiclayer\pgfcoregra
phicstate.code.tex
File: pgfcoregraphicstate.code.tex 2019/02/02 v3.1.1 (3.1.1)
\pgflinewidth=\dimen142
)
(C:\Users\ding\AppData\Roaming\MiKTeX\2.9\tex/generic/pgf/basiclayer\pgfcoretra
nsformations.code.tex
File: pgfcoretransformations.code.tex 2019/02/02 v3.1.1 (3.1.1)
\pgf@pt@x=\dimen143
\pgf@pt@y=\dimen144
\pgf@pt@temp=\dimen145
)
(C:\Users\ding\AppData\Roaming\MiKTeX\2.9\tex/generic/pgf/basiclayer\pgfcorequi
ck.code.tex
File: pgfcorequick.code.tex 2019/02/02 v3.1.1 (3.1.1)
)
(C:\Users\ding\AppData\Roaming\MiKTeX\2.9\tex/generic/pgf/basiclayer\pgfcoreobj
ects.code.tex
File: pgfcoreobjects.code.tex 2019/02/02 v3.1.1 (3.1.1)
)
(C:\Users\ding\AppData\Roaming\MiKTeX\2.9\tex/generic/pgf/basiclayer\pgfcorepat
hprocessing.code.tex
File: pgfcorepathprocessing.code.tex 2019/02/02 v3.1.1 (3.1.1)
)
(C:\Users\ding\AppData\Roaming\MiKTeX\2.9\tex/generic/pgf/basiclayer\pgfcorearr
ows.code.tex
File: pgfcorearrows.code.tex 2019/02/02 v3.1.1 (3.1.1)
\pgfarrowsep=\dimen146
)
(C:\Users\ding\AppData\Roaming\MiKTeX\2.9\tex/generic/pgf/basiclayer\pgfcoresha
de.code.tex
File: pgfcoreshade.code.tex 2019/02/02 v3.1.1 (3.1.1)
\pgf@max=\dimen147
\pgf@sys@shading@range@num=\count102
)
(C:\Users\ding\AppData\Roaming\MiKTeX\2.9\tex/generic/pgf/basiclayer\pgfcoreima
ge.code.tex
File: pgfcoreimage.code.tex 2019/02/02 v3.1.1 (3.1.1)

(C:\Users\ding\AppData\Roaming\MiKTeX\2.9\tex/generic/pgf/basiclayer\pgfcoreext
ernal.code.tex
File: pgfcoreexternal.code.tex 2019/02/02 v3.1.1 (3.1.1)
\pgfexternal@startupbox=\box32
))
(C:\Users\ding\AppData\Roaming\MiKTeX\2.9\tex/generic/pgf/basiclayer\pgfcorelay
ers.code.tex
File: pgfcorelayers.code.tex 2019/02/02 v3.1.1 (3.1.1)
)
(C:\Users\ding\AppData\Roaming\MiKTeX\2.9\tex/generic/pgf/basiclayer\pgfcoretra
nsparency.code.tex
File: pgfcoretransparency.code.tex 2019/02/02 v3.1.1 (3.1.1)
)
(C:\Users\ding\AppData\Roaming\MiKTeX\2.9\tex/generic/pgf/basiclayer\pgfcorepat
terns.code.tex
File: pgfcorepatterns.code.tex 2019/02/02 v3.1.1 (3.1.1)
)
(C:\Users\ding\AppData\Roaming\MiKTeX\2.9\tex/generic/pgf/basiclayer\pgfcorerdf
.code.tex
File: pgfcorerdf.code.tex 2019/02/02 v3.1.1 (3.1.1)
)))
(C:\Users\ding\AppData\Roaming\MiKTeX\2.9\tex/generic/pgf/modules\pgfmoduleshap
es.code.tex
File: pgfmoduleshapes.code.tex 2019/02/02 v3.1.1 (3.1.1)
\pgfnodeparttextbox=\box33
)
(C:\Users\ding\AppData\Roaming\MiKTeX\2.9\tex/generic/pgf/modules\pgfmoduleplot
.code.tex
File: pgfmoduleplot.code.tex 2019/02/02 v3.1.1 (3.1.1)
)
(C:\Users\ding\AppData\Roaming\MiKTeX\2.9\tex/latex/pgf/compatibility\pgfcomp-v
ersion-0-65.sty
Package: pgfcomp-version-0-65 2019/02/02 v3.1.1 (3.1.1)
\pgf@nodesepstart=\dimen148
\pgf@nodesepend=\dimen149
)
(C:\Users\ding\AppData\Roaming\MiKTeX\2.9\tex/latex/pgf/compatibility\pgfcomp-v
ersion-1-18.sty
Package: pgfcomp-version-1-18 2019/02/02 v3.1.1 (3.1.1)
))
(C:\Users\ding\AppData\Roaming\MiKTeX\2.9\tex/latex/pgf/utilities\pgffor.sty
(C:\Users\ding\AppData\Roaming\MiKTeX\2.9\tex/latex/pgf/utilities\pgfkeys.sty
(C:\Users\ding\AppData\Roaming\MiKTeX\2.9\tex/generic/pgf/utilities\pgfkeys.cod
e.tex))
(C:\Users\ding\AppData\Roaming\MiKTeX\2.9\tex/latex/pgf/math\pgfmath.sty
(C:\Users\ding\AppData\Roaming\MiKTeX\2.9\tex/generic/pgf/math\pgfmath.code.tex
))
(C:\Users\ding\AppData\Roaming\MiKTeX\2.9\tex/generic/pgf/utilities\pgffor.code
.tex
Package: pgffor 2019/02/02 v3.1.1 (3.1.1)

(C:\Users\ding\AppData\Roaming\MiKTeX\2.9\tex/generic/pgf/math\pgfmath.code.tex
)
\pgffor@iter=\dimen150
\pgffor@skip=\dimen151
\pgffor@stack=\toks28
\pgffor@toks=\toks29
))
(C:\Users\ding\AppData\Roaming\MiKTeX\2.9\tex/generic/pgf/frontendlayer/tikz\ti
kz.code.tex
Package: tikz 2019/02/02 v3.1.1 (3.1.1)

(C:\Users\ding\AppData\Roaming\MiKTeX\2.9\tex/generic/pgf/libraries\pgflibraryp
lothandlers.code.tex
File: pgflibraryplothandlers.code.tex 2019/02/02 v3.1.1 (3.1.1)
\pgf@plot@mark@count=\count103
\pgfplotmarksize=\dimen152
)
\tikz@lastx=\dimen153
\tikz@lasty=\dimen154
\tikz@lastxsaved=\dimen155
\tikz@lastysaved=\dimen156
\tikzleveldistance=\dimen157
\tikzsiblingdistance=\dimen158
\tikz@figbox=\box34
\tikz@figbox@bg=\box35
\tikz@tempbox=\box36
\tikz@tempbox@bg=\box37
\tikztreelevel=\count104
\tikznumberofchildren=\count105
\tikznumberofcurrentchild=\count106
\tikz@fig@count=\count107

(C:\Users\ding\AppData\Roaming\MiKTeX\2.9\tex/generic/pgf/modules\pgfmodulematr
ix.code.tex
File: pgfmodulematrix.code.tex 2019/02/02 v3.1.1 (3.1.1)
\pgfmatrixcurrentrow=\count108
\pgfmatrixcurrentcolumn=\count109
\pgf@matrix@numberofcolumns=\count110
)
\tikz@expandcount=\count111

(C:\Users\ding\AppData\Roaming\MiKTeX\2.9\tex/generic/pgf/frontendlayer/tikz/li
braries\tikzlibrarytopaths.code.tex
File: tikzlibrarytopaths.code.tex 2019/02/02 v3.1.1 (3.1.1)
)))
(C:\Users\ding\AppData\Roaming\MiKTeX\2.9\tex/generic/pgf/frontendlayer/tikz/li
braries\tikzlibrarycalc.code.tex
File: tikzlibrarycalc.code.tex 2019/02/02 v3.1.1 (3.1.1)
)
(C:\Users\ding\AppData\Roaming\MiKTeX\2.9\tex/generic/pgf/frontendlayer/tikz/li
braries\tikzlibraryshapes.code.tex
File: tikzlibraryshapes.code.tex 2019/02/02 v3.1.1 (3.1.1)

(C:\Users\ding\AppData\Roaming\MiKTeX\2.9\tex/generic/pgf/frontendlayer/tikz/li
braries\tikzlibraryshapes.geometric.code.tex
File: tikzlibraryshapes.geometric.code.tex 2019/02/02 v3.1.1 (3.1.1)

(C:\Users\ding\AppData\Roaming\MiKTeX\2.9\tex/generic/pgf/libraries/shapes\pgfl
ibraryshapes.geometric.code.tex
File: pgflibraryshapes.geometric.code.tex 2019/02/02 v3.1.1 (3.1.1)
))
(C:\Users\ding\AppData\Roaming\MiKTeX\2.9\tex/generic/pgf/frontendlayer/tikz/li
braries\tikzlibraryshapes.misc.code.tex
File: tikzlibraryshapes.misc.code.tex 2019/02/02 v3.1.1 (3.1.1)

(C:\Users\ding\AppData\Roaming\MiKTeX\2.9\tex/generic/pgf/libraries/shapes\pgfl
ibraryshapes.misc.code.tex
File: pgflibraryshapes.misc.code.tex 2019/02/02 v3.1.1 (3.1.1)
))
(C:\Users\ding\AppData\Roaming\MiKTeX\2.9\tex/generic/pgf/frontendlayer/tikz/li
braries\tikzlibraryshapes.symbols.code.tex
File: tikzlibraryshapes.symbols.code.tex 2019/02/02 v3.1.1 (3.1.1)

(C:\Users\ding\AppData\Roaming\MiKTeX\2.9\tex/generic/pgf/libraries/shapes\pgfl
ibraryshapes.symbols.code.tex
File: pgflibraryshapes.symbols.code.tex 2019/02/02 v3.1.1 (3.1.1)
))
(C:\Users\ding\AppData\Roaming\MiKTeX\2.9\tex/generic/pgf/frontendlayer/tikz/li
braries\tikzlibraryshapes.arrows.code.tex
File: tikzlibraryshapes.arrows.code.tex 2019/02/02 v3.1.1 (3.1.1)

(C:\Users\ding\AppData\Roaming\MiKTeX\2.9\tex/generic/pgf/libraries/shapes\pgfl
ibraryshapes.arrows.code.tex
File: pgflibraryshapes.arrows.code.tex 2019/02/02 v3.1.1 (3.1.1)
))
(C:\Users\ding\AppData\Roaming\MiKTeX\2.9\tex/generic/pgf/frontendlayer/tikz/li
braries\tikzlibraryshapes.callouts.code.tex
(C:\Users\ding\AppData\Roaming\MiKTeX\2.9\tex/generic/pgf/libraries/shapes\pgfl
ibraryshapes.callouts.code.tex))
(C:\Users\ding\AppData\Roaming\MiKTeX\2.9\tex/generic/pgf/frontendlayer/tikz/li
braries\tikzlibraryshapes.multipart.code.tex
File: tikzlibraryshapes.multipart.code.tex 2019/02/02 v3.1.1 (3.1.1)

(C:\Users\ding\AppData\Roaming\MiKTeX\2.9\tex/generic/pgf/libraries/shapes\pgfl
ibraryshapes.multipart.code.tex
File: pgflibraryshapes.multipart.code.tex 2019/02/02 v3.1.1 (3.1.1)
\pgfnodepartlowerbox=\box38
\pgfnodeparttwobox=\box39
\pgfnodepartthreebox=\box40
\pgfnodepartfourbox=\box41
\pgfnodeparttwentybox=\box42
\pgfnodepartnineteenbox=\box43
\pgfnodeparteighteenbox=\box44
\pgfnodepartseventeenbox=\box45
\pgfnodepartsixteenbox=\box46
\pgfnodepartfifteenbox=\box47
\pgfnodepartfourteenbox=\box48
\pgfnodepartthirteenbox=\box49
\pgfnodeparttwelvebox=\box50
\pgfnodepartelevenbox=\box51
\pgfnodeparttenbox=\box52
\pgfnodepartninebox=\box53
\pgfnodeparteightbox=\box54
\pgfnodepartsevenbox=\box55
\pgfnodepartsixbox=\box56
\pgfnodepartfivebox=\box57
)))
(C:\Users\ding\AppData\Roaming\MiKTeX\2.9\tex/generic/pgf/frontendlayer/tikz/li
braries\tikzlibraryarrows.code.tex
File: tikzlibraryarrows.code.tex 2019/02/02 v3.1.1 (3.1.1)

(C:\Users\ding\AppData\Roaming\MiKTeX\2.9\tex/generic/pgf/libraries\pgflibrarya
rrows.code.tex
File: pgflibraryarrows.code.tex 2019/02/02 v3.1.1 (3.1.1)
\arrowsize=\dimen159
))
(C:\Users\ding\AppData\Roaming\MiKTeX\2.9\tex/generic/pgf/frontendlayer/tikz/li
braries\tikzlibrarypositioning.code.tex
File: tikzlibrarypositioning.code.tex 2019/02/02 v3.1.1 (3.1.1)
)
(C:\Users\ding\AppData\Roaming\MiKTeX\2.9\tex/generic/pgf/frontendlayer/tikz/li
braries\tikzlibrarypatterns.code.tex
File: tikzlibrarypatterns.code.tex 2019/02/02 v3.1.1 (3.1.1)

(C:\Users\ding\AppData\Roaming\MiKTeX\2.9\tex/generic/pgf/libraries\pgflibraryp
atterns.code.tex
File: pgflibrarypatterns.code.tex 2019/02/02 v3.1.1 (3.1.1)
))
(C:\Users\ding\AppData\Roaming\MiKTeX\2.9\tex/generic/pgf/frontendlayer/tikz/li
braries\tikzlibrarydecorations.pathreplacing.code.tex
(C:\Users\ding\AppData\Roaming\MiKTeX\2.9\tex/generic/pgf/frontendlayer/tikz/li
braries\tikzlibrarydecorations.code.tex
(C:\Users\ding\AppData\Roaming\MiKTeX\2.9\tex/generic/pgf/modules\pgfmoduledeco
rations.code.tex
\pgfdecoratedcompleteddistance=\dimen160
\pgfdecoratedremainingdistance=\dimen161
\pgfdecoratedinputsegmentcompleteddistance=\dimen162
\pgfdecoratedinputsegmentremainingdistance=\dimen163
\pgf@decorate@distancetomove=\dimen164
\pgf@decorate@repeatstate=\count112
\pgfdecorationsegmentamplitude=\dimen165
\pgfdecorationsegmentlength=\dimen166
)
\tikz@lib@dec@box=\box58
)
(C:\Users\ding\AppData\Roaming\MiKTeX\2.9\tex/generic/pgf/libraries/decorations
\pgflibrarydecorations.pathreplacing.code.tex))
(C:\Users\ding\AppData\Roaming\MiKTeX\2.9\tex/generic/pgf/frontendlayer/tikz/li
braries\tikzlibrarybackgrounds.code.tex
File: tikzlibrarybackgrounds.code.tex 2019/02/02 v3.1.1 (3.1.1)
\pgf@layerbox@background=\box59
\pgf@layerboxsaved@background=\box60
)
(C:\Users\ding\AppData\Roaming\MiKTeX\2.9\tex/generic/pgf/frontendlayer/tikz/li
braries\tikzlibrarypetri.code.tex
File: tikzlibrarypetri.code.tex 2019/02/02 v3.1.1 (3.1.1)
)
(C:\Users\ding\AppData\Roaming\MiKTeX\2.9\tex/generic/pgf/frontendlayer/tikz/li
braries\tikzlibraryautomata.code.tex
File: tikzlibraryautomata.code.tex 2019/02/02 v3.1.1 (3.1.1)
)
("C:\Program Files (x86)\MiKTeX 2.9\tex/latex/base\textcomp.sty"
Package: textcomp 2018/08/11 v2.0j Standard LaTeX package
Package textcomp Info: Sub-encoding information:
(textcomp)               5 = only ISO-Adobe without \textcurrency
(textcomp)               4 = 5 + \texteuro
(textcomp)               3 = 4 + \textohm
(textcomp)               2 = 3 + \textestimated + \textcurrency
(textcomp)               1 = TS1 - \textcircled - \t
(textcomp)               0 = TS1 (full)
(textcomp)             Font families with sub-encoding setting implement
(textcomp)             only a restricted character set as indicated.
(textcomp)             Family '?' is the default used for unknown fonts.
(textcomp)             See the documentation for details.
Package textcomp Info: Setting ? sub-encoding to TS1/1 on input line 79.

("C:\Program Files (x86)\MiKTeX 2.9\tex/latex/base\ts1enc.def"
File: ts1enc.def 2001/06/05 v3.0e (jk/car/fm) Standard LaTeX file
Now handling font encoding TS1 ...
... processing UTF-8 mapping file for font encoding TS1

("C:\Program Files (x86)\MiKTeX 2.9\tex/latex/base\ts1enc.dfu"
File: ts1enc.dfu 2018/10/05 v1.2f UTF-8 support for inputenc
   defining Unicode char U+00A2 (decimal 162)
   defining Unicode char U+00A3 (decimal 163)
   defining Unicode char U+00A4 (decimal 164)
   defining Unicode char U+00A5 (decimal 165)
   defining Unicode char U+00A6 (decimal 166)
   defining Unicode char U+00A7 (decimal 167)
   defining Unicode char U+00A8 (decimal 168)
   defining Unicode char U+00A9 (decimal 169)
   defining Unicode char U+00AA (decimal 170)
   defining Unicode char U+00AC (decimal 172)
   defining Unicode char U+00AE (decimal 174)
   defining Unicode char U+00AF (decimal 175)
   defining Unicode char U+00B0 (decimal 176)
   defining Unicode char U+00B1 (decimal 177)
   defining Unicode char U+00B2 (decimal 178)
   defining Unicode char U+00B3 (decimal 179)
   defining Unicode char U+00B4 (decimal 180)
   defining Unicode char U+00B5 (decimal 181)
   defining Unicode char U+00B6 (decimal 182)
   defining Unicode char U+00B7 (decimal 183)
   defining Unicode char U+00B9 (decimal 185)
   defining Unicode char U+00BA (decimal 186)
   defining Unicode char U+00BC (decimal 188)
   defining Unicode char U+00BD (decimal 189)
   defining Unicode char U+00BE (decimal 190)
   defining Unicode char U+00D7 (decimal 215)
   defining Unicode char U+00F7 (decimal 247)
   defining Unicode char U+0192 (decimal 402)
   defining Unicode char U+02C7 (decimal 711)
   defining Unicode char U+02D8 (decimal 728)
   defining Unicode char U+02DD (decimal 733)
   defining Unicode char U+0E3F (decimal 3647)
   defining Unicode char U+2016 (decimal 8214)
   defining Unicode char U+2020 (decimal 8224)
   defining Unicode char U+2021 (decimal 8225)
   defining Unicode char U+2022 (decimal 8226)
   defining Unicode char U+2030 (decimal 8240)
   defining Unicode char U+2031 (decimal 8241)
   defining Unicode char U+203B (decimal 8251)
   defining Unicode char U+203D (decimal 8253)
   defining Unicode char U+2044 (decimal 8260)
   defining Unicode char U+204E (decimal 8270)
   defining Unicode char U+2052 (decimal 8274)
   defining Unicode char U+20A1 (decimal 8353)
   defining Unicode char U+20A4 (decimal 8356)
   defining Unicode char U+20A6 (decimal 8358)
   defining Unicode char U+20A9 (decimal 8361)
   defining Unicode char U+20AB (decimal 8363)
   defining Unicode char U+20AC (decimal 8364)
   defining Unicode char U+20B1 (decimal 8369)
   defining Unicode char U+2103 (decimal 8451)
   defining Unicode char U+2116 (decimal 8470)
   defining Unicode char U+2117 (decimal 8471)
   defining Unicode char U+211E (decimal 8478)
   defining Unicode char U+2120 (decimal 8480)
   defining Unicode char U+2122 (decimal 8482)
   defining Unicode char U+2126 (decimal 8486)
   defining Unicode char U+2127 (decimal 8487)
   defining Unicode char U+212E (decimal 8494)
   defining Unicode char U+2190 (decimal 8592)
   defining Unicode char U+2191 (decimal 8593)
   defining Unicode char U+2192 (decimal 8594)
   defining Unicode char U+2193 (decimal 8595)
   defining Unicode char U+2329 (decimal 9001)
   defining Unicode char U+232A (decimal 9002)
   defining Unicode char U+2422 (decimal 9250)
   defining Unicode char U+25E6 (decimal 9702)
   defining Unicode char U+25EF (decimal 9711)
   defining Unicode char U+266A (decimal 9834)
   defining Unicode char U+FEFF (decimal 65279)
))
LaTeX Info: Redefining \oldstylenums on input line 334.
Package textcomp Info: Setting cmr sub-encoding to TS1/0 on input line 349.
Package textcomp Info: Setting cmss sub-encoding to TS1/0 on input line 350.
Package textcomp Info: Setting cmtt sub-encoding to TS1/0 on input line 351.
Package textcomp Info: Setting cmvtt sub-encoding to TS1/0 on input line 352.
Package textcomp Info: Setting cmbr sub-encoding to TS1/0 on input line 353.
Package textcomp Info: Setting cmtl sub-encoding to TS1/0 on input line 354.
Package textcomp Info: Setting ccr sub-encoding to TS1/0 on input line 355.
Package textcomp Info: Setting ptm sub-encoding to TS1/4 on input line 356.
Package textcomp Info: Setting pcr sub-encoding to TS1/4 on input line 357.
Package textcomp Info: Setting phv sub-encoding to TS1/4 on input line 358.
Package textcomp Info: Setting ppl sub-encoding to TS1/3 on input line 359.
Package textcomp Info: Setting pag sub-encoding to TS1/4 on input line 360.
Package textcomp Info: Setting pbk sub-encoding to TS1/4 on input line 361.
Package textcomp Info: Setting pnc sub-encoding to TS1/4 on input line 362.
Package textcomp Info: Setting pzc sub-encoding to TS1/4 on input line 363.
Package textcomp Info: Setting bch sub-encoding to TS1/4 on input line 364.
Package textcomp Info: Setting put sub-encoding to TS1/5 on input line 365.
Package textcomp Info: Setting uag sub-encoding to TS1/5 on input line 366.
Package textcomp Info: Setting ugq sub-encoding to TS1/5 on input line 367.
Package textcomp Info: Setting ul8 sub-encoding to TS1/4 on input line 368.
Package textcomp Info: Setting ul9 sub-encoding to TS1/4 on input line 369.
Package textcomp Info: Setting augie sub-encoding to TS1/5 on input line 370.
Package textcomp Info: Setting dayrom sub-encoding to TS1/3 on input line 371.
Package textcomp Info: Setting dayroms sub-encoding to TS1/3 on input line 372.

Package textcomp Info: Setting pxr sub-encoding to TS1/0 on input line 373.
Package textcomp Info: Setting pxss sub-encoding to TS1/0 on input line 374.
Package textcomp Info: Setting pxtt sub-encoding to TS1/0 on input line 375.
Package textcomp Info: Setting txr sub-encoding to TS1/0 on input line 376.
Package textcomp Info: Setting txss sub-encoding to TS1/0 on input line 377.
Package textcomp Info: Setting txtt sub-encoding to TS1/0 on input line 378.
Package textcomp Info: Setting lmr sub-encoding to TS1/0 on input line 379.
Package textcomp Info: Setting lmdh sub-encoding to TS1/0 on input line 380.
Package textcomp Info: Setting lmss sub-encoding to TS1/0 on input line 381.
Package textcomp Info: Setting lmssq sub-encoding to TS1/0 on input line 382.
Package textcomp Info: Setting lmvtt sub-encoding to TS1/0 on input line 383.
Package textcomp Info: Setting lmtt sub-encoding to TS1/0 on input line 384.
Package textcomp Info: Setting qhv sub-encoding to TS1/0 on input line 385.
Package textcomp Info: Setting qag sub-encoding to TS1/0 on input line 386.
Package textcomp Info: Setting qbk sub-encoding to TS1/0 on input line 387.
Package textcomp Info: Setting qcr sub-encoding to TS1/0 on input line 388.
Package textcomp Info: Setting qcs sub-encoding to TS1/0 on input line 389.
Package textcomp Info: Setting qpl sub-encoding to TS1/0 on input line 390.
Package textcomp Info: Setting qtm sub-encoding to TS1/0 on input line 391.
Package textcomp Info: Setting qzc sub-encoding to TS1/0 on input line 392.
Package textcomp Info: Setting qhvc sub-encoding to TS1/0 on input line 393.
Package textcomp Info: Setting futs sub-encoding to TS1/4 on input line 394.
Package textcomp Info: Setting futx sub-encoding to TS1/4 on input line 395.
Package textcomp Info: Setting futj sub-encoding to TS1/4 on input line 396.
Package textcomp Info: Setting hlh sub-encoding to TS1/3 on input line 397.
Package textcomp Info: Setting hls sub-encoding to TS1/3 on input line 398.
Package textcomp Info: Setting hlst sub-encoding to TS1/3 on input line 399.
Package textcomp Info: Setting hlct sub-encoding to TS1/5 on input line 400.
Package textcomp Info: Setting hlx sub-encoding to TS1/5 on input line 401.
Package textcomp Info: Setting hlce sub-encoding to TS1/5 on input line 402.
Package textcomp Info: Setting hlcn sub-encoding to TS1/5 on input line 403.
Package textcomp Info: Setting hlcw sub-encoding to TS1/5 on input line 404.
Package textcomp Info: Setting hlcf sub-encoding to TS1/5 on input line 405.
Package textcomp Info: Setting pplx sub-encoding to TS1/3 on input line 406.
Package textcomp Info: Setting pplj sub-encoding to TS1/3 on input line 407.
Package textcomp Info: Setting ptmx sub-encoding to TS1/4 on input line 408.
Package textcomp Info: Setting ptmj sub-encoding to TS1/4 on input line 409.
)
("C:\Program Files (x86)\MiKTeX 2.9\tex/latex/hyperref\hyperref.sty"
Package: hyperref 2018/11/30 v6.88e Hypertext links for LaTeX

("C:\Program Files (x86)\MiKTeX 2.9\tex/generic/oberdiek\hobsub-hyperref.sty"
Package: hobsub-hyperref 2016/05/16 v1.14 Bundle oberdiek, subset hyperref (HO)


("C:\Program Files (x86)\MiKTeX 2.9\tex/generic/oberdiek\hobsub-generic.sty"
Package: hobsub-generic 2016/05/16 v1.14 Bundle oberdiek, subset generic (HO)
Package: hobsub 2016/05/16 v1.14 Construct package bundles (HO)
Package: infwarerr 2016/05/16 v1.4 Providing info/warning/error messages (HO)
Package: ltxcmds 2016/05/16 v1.23 LaTeX kernel commands for general use (HO)
Package: ifluatex 2016/05/16 v1.4 Provides the ifluatex switch (HO)
Package ifluatex Info: LuaTeX not detected.
Package hobsub Info: Skipping package `ifvtex' (already loaded).
Package: intcalc 2016/05/16 v1.2 Expandable calculations with integers (HO)
Package hobsub Info: Skipping package `ifpdf' (already loaded).
Package: etexcmds 2016/05/16 v1.6 Avoid name clashes with e-TeX commands (HO)
Package: kvsetkeys 2016/05/16 v1.17 Key value parser (HO)
Package: kvdefinekeys 2016/05/16 v1.4 Define keys (HO)
Package: pdftexcmds 2018/09/10 v0.29 Utility functions of pdfTeX for LuaTeX (HO
)
Package pdftexcmds Info: LuaTeX not detected.
Package pdftexcmds Info: \pdf@primitive is available.
Package pdftexcmds Info: \pdf@ifprimitive is available.
Package pdftexcmds Info: \pdfdraftmode found.
Package: pdfescape 2016/05/16 v1.14 Implements pdfTeX's escape features (HO)
Package: bigintcalc 2016/05/16 v1.4 Expandable calculations on big integers (HO
)
Package: bitset 2016/05/16 v1.2 Handle bit-vector datatype (HO)
Package: uniquecounter 2016/05/16 v1.3 Provide unlimited unique counter (HO)
)
Package hobsub Info: Skipping package `hobsub' (already loaded).
Package: letltxmacro 2016/05/16 v1.5 Let assignment for LaTeX macros (HO)
Package: hopatch 2016/05/16 v1.3 Wrapper for package hooks (HO)
Package: xcolor-patch 2016/05/16 xcolor patch
Package: atveryend 2016/05/16 v1.9 Hooks at the very end of document (HO)
Package atveryend Info: \enddocument detected (standard20110627).
Package: atbegshi 2016/06/09 v1.18 At begin shipout hook (HO)
Package: refcount 2016/05/16 v3.5 Data extraction from label references (HO)
Package: hycolor 2016/05/16 v1.8 Color options for hyperref/bookmark (HO)
)
("C:\Program Files (x86)\MiKTeX 2.9\tex/latex/oberdiek\auxhook.sty"
Package: auxhook 2016/05/16 v1.4 Hooks for auxiliary files (HO)
)
("C:\Program Files (x86)\MiKTeX 2.9\tex/latex/oberdiek\kvoptions.sty"
Package: kvoptions 2016/05/16 v3.12 Key value format for package options (HO)
)
\@linkdim=\dimen167
\Hy@linkcounter=\count113
\Hy@pagecounter=\count114

("C:\Program Files (x86)\MiKTeX 2.9\tex/latex/hyperref\pd1enc.def"
File: pd1enc.def 2018/11/30 v6.88e Hyperref: PDFDocEncoding definition (HO)
Now handling font encoding PD1 ...
... no UTF-8 mapping file for font encoding PD1
)
\Hy@SavedSpaceFactor=\count115

("C:\Program Files (x86)\MiKTeX 2.9\tex/latex/00miktex\hyperref.cfg"
File: hyperref.cfg 2002/06/06 v1.2 hyperref configuration of TeXLive
)
Package hyperref Info: Hyper figures OFF on input line 4519.
Package hyperref Info: Link nesting OFF on input line 4524.
Package hyperref Info: Hyper index ON on input line 4527.
Package hyperref Info: Plain pages OFF on input line 4534.
Package hyperref Info: Backreferencing OFF on input line 4539.
Package hyperref Info: Implicit mode ON; LaTeX internals redefined.
Package hyperref Info: Bookmarks ON on input line 4772.
\c@Hy@tempcnt=\count116

(C:\Users\ding\AppData\Roaming\MiKTeX\2.9\tex/latex/url\url.sty
\Urlmuskip=\muskip10
Package: url 2013/09/16  ver 3.4  Verb mode for urls, etc.
)
LaTeX Info: Redefining \url on input line 5125.
\XeTeXLinkMargin=\dimen168
\Fld@menulength=\count117
\Field@Width=\dimen169
\Fld@charsize=\dimen170
Package hyperref Info: Hyper figures OFF on input line 6380.
Package hyperref Info: Link nesting OFF on input line 6385.
Package hyperref Info: Hyper index ON on input line 6388.
Package hyperref Info: backreferencing OFF on input line 6395.
Package hyperref Info: Link coloring OFF on input line 6400.
Package hyperref Info: Link coloring with OCG OFF on input line 6405.
Package hyperref Info: PDF/A mode OFF on input line 6410.
LaTeX Info: Redefining \ref on input line 6450.
LaTeX Info: Redefining \pageref on input line 6454.
\Hy@abspage=\count118
\c@Item=\count119
\c@Hfootnote=\count120
)
Package hyperref Info: Driver (autodetected): hpdftex.

("C:\Program Files (x86)\MiKTeX 2.9\tex/latex/hyperref\hpdftex.def"
File: hpdftex.def 2018/11/30 v6.88e Hyperref driver for pdfTeX
\Fld@listcount=\count121
\c@bookmark@seq@number=\count122

("C:\Program Files (x86)\MiKTeX 2.9\tex/latex/oberdiek\rerunfilecheck.sty"
Package: rerunfilecheck 2016/05/16 v1.8 Rerun checks for auxiliary files (HO)
Package uniquecounter Info: New unique counter `rerunfilecheck' on input line 2
82.
)
\Hy@SectionHShift=\skip52
)
("C:\Program Files (x86)\MiKTeX 2.9\tex/latex/amsmath\amsmath.sty"
Package: amsmath 2018/12/01 v2.17b AMS math features
\@mathmargin=\skip53

For additional information on amsmath, use the `?' option.
("C:\Program Files (x86)\MiKTeX 2.9\tex/latex/amsmath\amstext.sty"
Package: amstext 2000/06/29 v2.01 AMS text

("C:\Program Files (x86)\MiKTeX 2.9\tex/latex/amsmath\amsgen.sty"
File: amsgen.sty 1999/11/30 v2.0 generic functions
\@emptytoks=\toks30
\ex@=\dimen171
))
("C:\Program Files (x86)\MiKTeX 2.9\tex/latex/amsmath\amsbsy.sty"
Package: amsbsy 1999/11/29 v1.2d Bold Symbols
\pmbraise@=\dimen172
)
("C:\Program Files (x86)\MiKTeX 2.9\tex/latex/amsmath\amsopn.sty"
Package: amsopn 2016/03/08 v2.02 operator names
)
\inf@bad=\count123
LaTeX Info: Redefining \frac on input line 223.
\uproot@=\count124
\leftroot@=\count125
LaTeX Info: Redefining \overline on input line 385.
\classnum@=\count126
\DOTSCASE@=\count127
LaTeX Info: Redefining \ldots on input line 482.
LaTeX Info: Redefining \dots on input line 485.
LaTeX Info: Redefining \cdots on input line 606.
\Mathstrutbox@=\box61
\strutbox@=\box62
\big@size=\dimen173
LaTeX Font Info:    Redeclaring font encoding OML on input line 729.
LaTeX Font Info:    Redeclaring font encoding OMS on input line 730.
\macc@depth=\count128
\c@MaxMatrixCols=\count129
\dotsspace@=\muskip11
\c@parentequation=\count130
\dspbrk@lvl=\count131
\tag@help=\toks31
\row@=\count132
\column@=\count133
\maxfields@=\count134
\andhelp@=\toks32
\eqnshift@=\dimen174
\alignsep@=\dimen175
\tagshift@=\dimen176
\tagwidth@=\dimen177
\totwidth@=\dimen178
\lineht@=\dimen179
\@envbody=\toks33
\multlinegap=\skip54
\multlinetaggap=\skip55
\mathdisplay@stack=\toks34
LaTeX Info: Redefining \[ on input line 2844.
LaTeX Info: Redefining \] on input line 2845.
)
("C:\Program Files (x86)\MiKTeX 2.9\tex/latex/amscls\amsthm.sty"
Package: amsthm 2017/10/31 v2.20.4
\thm@style=\toks35
\thm@bodyfont=\toks36
\thm@headfont=\toks37
\thm@notefont=\toks38
\thm@headpunct=\toks39
\thm@preskip=\skip56
\thm@postskip=\skip57
\thm@headsep=\skip58
\dth@everypar=\toks40
)
("C:\Program Files (x86)\MiKTeX 2.9\tex/latex/amsfonts\amssymb.sty"
Package: amssymb 2013/01/14 v3.01 AMS font symbols

("C:\Program Files (x86)\MiKTeX 2.9\tex/latex/amsfonts\amsfonts.sty"
Package: amsfonts 2013/01/14 v3.01 Basic AMSFonts support
\symAMSa=\mathgroup4
\symAMSb=\mathgroup5
LaTeX Font Info:    Overwriting math alphabet `\mathfrak' in version `bold'
(Font)                  U/euf/m/n --> U/euf/b/n on input line 106.
))
("C:\Program Files (x86)\MiKTeX 2.9\tex/latex/jknappen\mathrsfs.sty"
Package: mathrsfs 1996/01/01 Math RSFS package v1.0 (jk)
\symrsfs=\mathgroup6
)
("C:\Program Files (x86)\MiKTeX 2.9\tex/latex/tools\array.sty"
Package: array 2018/11/13 v2.4j Tabular extension package (FMi)
\col@sep=\dimen180
\ar@mcellbox=\box63
\extrarowheight=\dimen181
\NC@list=\toks41
\extratabsurround=\skip59
\backup@length=\skip60
\ar@cellbox=\box64
)
(C:\Users\ding\AppData\Roaming\MiKTeX\2.9\tex/latex/cleveref\cleveref.sty
Package: cleveref 2018/03/27 v0.21.4 Intelligent cross-referencing
Package cleveref Info: `hyperref' support loaded on input line 2370.
LaTeX Info: Redefining \cref on input line 2370.
LaTeX Info: Redefining \Cref on input line 2370.
LaTeX Info: Redefining \crefrange on input line 2370.
LaTeX Info: Redefining \Crefrange on input line 2370.
LaTeX Info: Redefining \cpageref on input line 2370.
LaTeX Info: Redefining \Cpageref on input line 2370.
LaTeX Info: Redefining \cpagerefrange on input line 2370.
LaTeX Info: Redefining \Cpagerefrange on input line 2370.
LaTeX Info: Redefining \labelcref on input line 2370.
LaTeX Info: Redefining \labelcpageref on input line 2370.
Package cleveref Info: `amsthm' support loaded on input line 3026.
Package cleveref Info: always capitalise cross-reference names on input line 78
30.
Package cleveref Info: always capitalise cross-reference names on input line 78
52.
)
(C:\Users\ding\AppData\Roaming\MiKTeX\2.9\tex/latex/makecell\makecell.sty
Package: makecell 2009/08/03 V0.1e Managing of Tab Column Heads and Cells
\rotheadsize=\dimen182
\c@nlinenum=\count135
\TeXr@lab=\toks42
)
(C:\Users\ding\AppData\Roaming\MiKTeX\2.9\tex/latex/algorithm2e\algorithm2e.sty
Package: algorithm2e 2017/07/18 v5.2 algorithms environments
\c@AlgoLine=\count136
("C:\Program Files (x86)\MiKTeX 2.9\tex/latex/base\ifthen.sty"
Package: ifthen 2014/09/29 v1.1c Standard LaTeX ifthen package (DPC)
)
\algocf@hangindent=\skip61

(C:\Users\ding\AppData\Roaming\MiKTeX\2.9\tex/latex/ifoddpage\ifoddpage.sty
Package: ifoddpage 2016/04/23 v1.1 Conditionals for odd/even page detection
\c@checkoddpage=\count137
)
("C:\Program Files (x86)\MiKTeX 2.9\tex/latex/tools\xspace.sty"
Package: xspace 2014/10/28 v1.13 Space after command names (DPC,MH)
)
(C:\Users\ding\AppData\Roaming\MiKTeX\2.9\tex/latex/relsize\relsize.sty
Package: relsize 2013/03/29 ver 4.1
)
\skiptotal=\skip62
\skiplinenumber=\skip63
\skiprule=\skip64
\skiphlne=\skip65
\skiptext=\skip66
\skiplength=\skip67
\algomargin=\skip68
\skipalgocfslide=\skip69
\algowidth=\dimen183
\inoutsize=\dimen184
\inoutindent=\dimen185
\interspacetitleruled=\dimen186
\interspacealgoruled=\dimen187
\interspacetitleboxruled=\dimen188
\algocf@ruledwidth=\skip70
\algocf@inoutbox=\box65
\algocf@inputbox=\box66
\AlCapSkip=\skip71
\AlCapHSkip=\skip72
\algoskipindent=\skip73
\algocf@nlbox=\box67
\algocf@hangingbox=\box68
\algocf@untilbox=\box69
\algocf@skipuntil=\skip74
\algocf@capbox=\box70
\algocf@lcaptionbox=\skip75
\algoheightruledefault=\skip76
\algoheightrule=\skip77
\algotitleheightruledefault=\skip78
\algotitleheightrule=\skip79
\c@algocfline=\count138
\c@algocfproc=\count139
\c@algocf=\count140
\algocf@algoframe=\box71
\algocf@algobox=\box72
)
(C:\Users\ding\AppData\Roaming\MiKTeX\2.9\tex/latex/wrapfig\wrapfig.sty
\wrapoverhang=\dimen189
\WF@size=\dimen190
\c@WF@wrappedlines=\count141
\WF@box=\box73
\WF@everypar=\toks43
Package: wrapfig 2003/01/31  v 3.6
)
(C:\Users\ding\AppData\Roaming\MiKTeX\2.9\tex/latex/svg\svg.sty
Package: svg 2018/11/12 v2.02b (include SVG pictures)

(C:\Users\ding\AppData\Roaming\MiKTeX\2.9\tex/latex/koma-script\scrbase.sty
Package: scrbase 2019/02/01 v3.26b KOMA-Script package (KOMA-Script-independent
 basics and keyval usage)

(C:\Users\ding\AppData\Roaming\MiKTeX\2.9\tex/latex/koma-script\scrlfile.sty
Package: scrlfile 2019/02/01 v3.26b KOMA-Script package (loading files)
))
("C:\Program Files (x86)\MiKTeX 2.9\tex/latex/tools\shellesc.sty"
Package: shellesc 2016/06/07 v0.02a unified shell escape interface for LaTeX
Package shellesc Info: Restricted shell escape enabled on input line 69.
)
(C:\Users\ding\AppData\Roaming\MiKTeX\2.9\tex/latex/trimspaces\trimspaces.sty
Package: trimspaces 2009/09/17 v1.1 Trim spaces around a token list
)
\svg@box=\box74
\c@svg@param@lastpage=\count142
\c@svg@param@currpage=\count143
) ("C:\Program Files (x86)\MiKTeX 2.9\tex/latex/oberdiek\transparent.sty"
Package: transparent 2018/11/18 v1.3 Transparency via pdfTeX's color stack (HO)

)
(C:\Users\ding\AppData\Roaming\MiKTeX\2.9\tex/latex/caption\subcaption.sty
Package: subcaption 2018/05/01 v1.1-162 Sub-captions (AR)

(C:\Users\ding\AppData\Roaming\MiKTeX\2.9\tex/latex/caption\caption.sty
Package: caption 2018/10/06 v3.3-154 Customizing captions (AR)

(C:\Users\ding\AppData\Roaming\MiKTeX\2.9\tex/latex/caption\caption3.sty
Package: caption3 2018/09/12 v1.8c caption3 kernel (AR)
Package caption3 Info: TeX engine: e-TeX on input line 64.
\captionmargin=\dimen191
\captionmargin@=\dimen192
\captionwidth=\dimen193
\caption@tempdima=\dimen194
\caption@indent=\dimen195
\caption@parindent=\dimen196
\caption@hangindent=\dimen197
)
\c@caption@flags=\count144
\c@ContinuedFloat=\count145
Package caption Info: hyperref package is loaded.
Package caption Info: wrapfig package is loaded.
)
\c@subfigure=\count146
\c@subtable=\count147
)
\c@theorem=\count148

(C:\Users\ding\AppData\Roaming\MiKTeX\2.9\tex/latex/framed\framed.sty
Package: framed 2011/10/22 v 0.96: framed or shaded text with page breaks
\OuterFrameSep=\skip80
\fb@frw=\dimen198
\fb@frh=\dimen199
\FrameRule=\dimen256
\FrameSep=\dimen257
)
("C:\Program Files (x86)\MiKTeX 2.9\tex/latex/tools\enumerate.sty"
Package: enumerate 2015/07/23 v3.00 enumerate extensions (DPC)
\@enLab=\toks44
)
(C:\Users\ding\AppData\Roaming\MiKTeX\2.9\tex/latex/pgfplots\pgfplots.sty
(C:\Users\ding\AppData\Roaming\MiKTeX\2.9\tex/generic/pgfplots\pgfplots.revisio
n.tex)
Package: pgfplots 2018/03/28 v1.16 Data Visualization (1.16)

(C:\Users\ding\AppData\Roaming\MiKTeX\2.9\tex/generic/pgfplots\pgfplots.code.te
x
(C:\Users\ding\AppData\Roaming\MiKTeX\2.9\tex/generic/pgfplots\pgfplotscore.cod
e.tex
\t@pgfplots@toka=\toks45
\t@pgfplots@tokb=\toks46
\t@pgfplots@tokc=\toks47
\pgfplots@tmpa=\dimen258
\c@pgfplots@coordindex=\count149
\c@pgfplots@scanlineindex=\count150

(C:\Users\ding\AppData\Roaming\MiKTeX\2.9\tex/generic/pgfplots/sys\pgfplotssysg
eneric.code.tex))
(C:\Users\ding\AppData\Roaming\MiKTeX\2.9\tex/generic/pgfplots/libs\pgfplotslib
rary.code.tex)
(C:\Users\ding\AppData\Roaming\MiKTeX\2.9\tex/generic/pgfplots/oldpgfcompatib\p
gfplotsoldpgfsupp_loader.code.tex
(C:\Users\ding\AppData\Roaming\MiKTeX\2.9\tex/generic/pgf/libraries\pgflibraryf
pu.code.tex)
Package pgfplots: loading complementary arithmetics for your pgf version...

(C:\Users\ding\AppData\Roaming\MiKTeX\2.9\tex/generic/pgfplots/oldpgfcompatib\p
gfplotsoldpgfsupp_pgflibraryfpu.code.tex)
(C:\Users\ding\AppData\Roaming\MiKTeX\2.9\tex/generic/pgfplots/oldpgfcompatib\p
gfplotsoldpgfsupp_pgfmathfloat.code.tex
\c@pgfmathroundto@lastzeros=\count151
))
(C:\Users\ding\AppData\Roaming\MiKTeX\2.9\tex/generic/pgfplots/util\pgfplotsuti
l.code.tex
(C:\Users\ding\AppData\Roaming\MiKTeX\2.9\tex/generic/pgfplots/liststructure\pg
fplotsliststructure.code.tex)
(C:\Users\ding\AppData\Roaming\MiKTeX\2.9\tex/generic/pgfplots/liststructure\pg
fplotsliststructureext.code.tex)
(C:\Users\ding\AppData\Roaming\MiKTeX\2.9\tex/generic/pgfplots/liststructure\pg
fplotsarray.code.tex
\c@pgfplotsarray@tmp=\count152
)
(C:\Users\ding\AppData\Roaming\MiKTeX\2.9\tex/generic/pgfplots/liststructure\pg
fplotsmatrix.code.tex)
(C:\Users\ding\AppData\Roaming\MiKTeX\2.9\tex/generic/pgfplots/numtable\pgfplot
stableshared.code.tex
\c@pgfplotstable@counta=\count153
\t@pgfplotstable@a=\toks48
)
(C:\Users\ding\AppData\Roaming\MiKTeX\2.9\tex/generic/pgfplots/liststructure\pg
fplotsdeque.code.tex)
(C:\Users\ding\AppData\Roaming\MiKTeX\2.9\tex/generic/pgfplots/util\pgfplotsbin
ary.code.tex
(C:\Users\ding\AppData\Roaming\MiKTeX\2.9\tex/generic/pgfplots/util\pgfplotsbin
ary.data.code.tex))
(C:\Users\ding\AppData\Roaming\MiKTeX\2.9\tex/generic/pgfplots/util\pgfplotsuti
l.verb.code.tex)
(C:\Users\ding\AppData\Roaming\MiKTeX\2.9\tex/generic/pgfplots/libs\pgflibraryp
gfplots.surfshading.code.tex
\c@pgfplotslibrarysurf@no=\count154

(C:\Users\ding\AppData\Roaming\MiKTeX\2.9\tex/generic/pgfplots/sys\pgflibrarypg
fplots.surfshading.pgfsys-pdftex.def)))
(C:\Users\ding\AppData\Roaming\MiKTeX\2.9\tex/generic/pgfplots/util\pgfplotscol
ormap.code.tex
(C:\Users\ding\AppData\Roaming\MiKTeX\2.9\tex/generic/pgfplots/util\pgfplotscol
or.code.tex))
(C:\Users\ding\AppData\Roaming\MiKTeX\2.9\tex/generic/pgfplots\pgfplotsstackedp
lots.code.tex)
(C:\Users\ding\AppData\Roaming\MiKTeX\2.9\tex/generic/pgfplots\pgfplotsplothand
lers.code.tex
(C:\Users\ding\AppData\Roaming\MiKTeX\2.9\tex/generic/pgfplots\pgfplotsmeshplot
handler.code.tex
(C:\Users\ding\AppData\Roaming\MiKTeX\2.9\tex/generic/pgfplots\pgfplotsmeshplot
image.code.tex)))
(C:\Users\ding\AppData\Roaming\MiKTeX\2.9\tex/generic/pgfplots\pgfplots.scaling
.code.tex)
(C:\Users\ding\AppData\Roaming\MiKTeX\2.9\tex/generic/pgfplots\pgfplotscoordpro
cessing.code.tex)
(C:\Users\ding\AppData\Roaming\MiKTeX\2.9\tex/generic/pgfplots\pgfplots.errorba
rs.code.tex)
(C:\Users\ding\AppData\Roaming\MiKTeX\2.9\tex/generic/pgfplots\pgfplots.markers
.code.tex)
(C:\Users\ding\AppData\Roaming\MiKTeX\2.9\tex/generic/pgfplots\pgfplotsticks.co
de.tex)
(C:\Users\ding\AppData\Roaming\MiKTeX\2.9\tex/generic/pgfplots\pgfplots.paths.c
ode.tex)
(C:\Users\ding\AppData\Roaming\MiKTeX\2.9\tex/generic/pgf/frontendlayer/tikz/li
braries\tikzlibrarydecorations.pathmorphing.code.tex
(C:\Users\ding\AppData\Roaming\MiKTeX\2.9\tex/generic/pgf/libraries/decorations
\pgflibrarydecorations.pathmorphing.code.tex))
\pgfplots@numplots=\count155
\pgfplots@xmin@reg=\dimen259
\pgfplots@xmax@reg=\dimen260
\pgfplots@ymin@reg=\dimen261
\pgfplots@ymax@reg=\dimen262
\pgfplots@zmin@reg=\dimen263
\pgfplots@zmax@reg=\dimen264
)
(C:\Users\ding\AppData\Roaming\MiKTeX\2.9\tex/generic/pgf/frontendlayer/tikz/li
braries\tikzlibraryplotmarks.code.tex
File: tikzlibraryplotmarks.code.tex 2019/02/02 v3.1.1 (3.1.1)

(C:\Users\ding\AppData\Roaming\MiKTeX\2.9\tex/generic/pgf/libraries\pgflibraryp
lotmarks.code.tex
File: pgflibraryplotmarks.code.tex 2019/02/02 v3.1.1 (3.1.1)
)))
(C:\Users\ding\AppData\Roaming\MiKTeX\2.9\tex/latex/forloop\forloop.sty
Package: forloop 2006/09/18 v3.0 For Loops for LaTeX
)
\c@loopcntr=\count156

(C:\Users\ding\AppData\Roaming\MiKTeX\2.9\tex/latex/listings\listings.sty
\lst@mode=\count157
\lst@gtempboxa=\box75
\lst@token=\toks49
\lst@length=\count158
\lst@currlwidth=\dimen265
\lst@column=\count159
\lst@pos=\count160
\lst@lostspace=\dimen266
\lst@width=\dimen267
\lst@newlines=\count161
\lst@lineno=\count162
\lst@maxwidth=\dimen268

(C:\Users\ding\AppData\Roaming\MiKTeX\2.9\tex/latex/listings\lstmisc.sty
File: lstmisc.sty 2018/09/02 1.7 (Carsten Heinz)
\c@lstnumber=\count163
\lst@skipnumbers=\count164
\lst@framebox=\box76
)
(C:\Users\ding\AppData\Roaming\MiKTeX\2.9\tex/latex/listings\listings.cfg
File: listings.cfg 2018/09/02 1.7 listings configuration
))
Package: listings 2018/09/02 1.7 (Carsten Heinz)

(C:\Users\ding\AppData\Roaming\MiKTeX\2.9\tex/latex/algorithmicx\algpseudocode.
sty
Package: algpseudocode 

(C:\Users\ding\AppData\Roaming\MiKTeX\2.9\tex/latex/algorithmicx\algorithmicx.s
ty
Package: algorithmicx 2005/04/27 v1.2 Algorithmicx

Document Style algorithmicx 1.2 - a greatly improved `algorithmic' style
\c@ALG@line=\count165
\c@ALG@rem=\count166
\c@ALG@nested=\count167
\ALG@tlm=\skip81
\ALG@thistlm=\skip82
\c@ALG@Lnr=\count168
\c@ALG@blocknr=\count169
\c@ALG@storecount=\count170
\c@ALG@tmpcounter=\count171
\ALG@tmplength=\skip83
)
Document Style - pseudocode environments for use with the `algorithmicx' style
)) ("C:\Program Files (x86)\MiKTeX 2.9\tex/latex/multirow\multirow.sty"
Package: multirow 2019/01/01 v2.4 Span multiple rows of a table
\multirow@colwidth=\skip84
\multirow@cntb=\count172
\multirow@dima=\skip85
\bigstrutjot=\dimen269
)
(main.aux)
\openout1 = `main.aux'.

LaTeX Font Info:    Checking defaults for OML/cmm/m/it on input line 13.
LaTeX Font Info:    ... okay on input line 13.
LaTeX Font Info:    Checking defaults for T1/cmr/m/n on input line 13.
LaTeX Font Info:    ... okay on input line 13.
LaTeX Font Info:    Checking defaults for OT1/cmr/m/n on input line 13.
LaTeX Font Info:    ... okay on input line 13.
LaTeX Font Info:    Checking defaults for OMS/cmsy/m/n on input line 13.
LaTeX Font Info:    ... okay on input line 13.
LaTeX Font Info:    Checking defaults for OMX/cmex/m/n on input line 13.
LaTeX Font Info:    ... okay on input line 13.
LaTeX Font Info:    Checking defaults for U/cmr/m/n on input line 13.
LaTeX Font Info:    ... okay on input line 13.
LaTeX Font Info:    Checking defaults for TS1/cmr/m/n on input line 13.
LaTeX Font Info:    Try loading font information for TS1+cmr on input line 13.
 ("C:\Program Files (x86)\MiKTeX 2.9\tex/latex/base\ts1cmr.fd"
File: ts1cmr.fd 2014/09/29 v2.5h Standard LaTeX font definitions
)
LaTeX Font Info:    ... okay on input line 13.
LaTeX Font Info:    Checking defaults for PD1/pdf/m/n on input line 13.
LaTeX Font Info:    ... okay on input line 13.
LaTeX Font Info:    Try loading font information for T1+lmr on input line 13.

("C:\Program Files (x86)\MiKTeX 2.9\tex/latex/lm\t1lmr.fd"
File: t1lmr.fd 2009/10/30 v1.6 Font defs for Latin Modern
)
(C:\Users\ding\AppData\Roaming\MiKTeX\2.9\tex/context/base/mkii\supp-pdf.mkii
[Loading MPS to PDF converter (version 2006.09.02).]
\scratchcounter=\count173
\scratchdimen=\dimen270
\scratchbox=\box77
\nofMPsegments=\count174
\nofMParguments=\count175
\everyMPshowfont=\toks50
\MPscratchCnt=\count176
\MPscratchDim=\dimen271
\MPnumerator=\count177
\makeMPintoPDFobject=\count178
\everyMPtoPDFconversion=\toks51
) ("C:\Program Files (x86)\MiKTeX 2.9\tex/latex/oberdiek\epstopdf-base.sty"
Package: epstopdf-base 2016/05/15 v2.6 Base part for package epstopdf

("C:\Program Files (x86)\MiKTeX 2.9\tex/latex/oberdiek\grfext.sty"
Package: grfext 2016/05/16 v1.2 Manage graphics extensions (HO)
)
Package epstopdf-base Info: Redefining graphics rule for `.eps' on input line 4
38.
Package grfext Info: Graphics extension search list:
(grfext)             [.pdf,.png,.jpg,.mps,.jpeg,.jbig2,.jb2,.PDF,.PNG,.JPG,.JPE
G,.JBIG2,.JB2,.eps]
(grfext)             \AppendGraphicsExtensions on input line 456.
)
*geometry* driver: auto-detecting
*geometry* detected driver: pdftex
*geometry* verbose mode - [ preamble ] result:
* driver: pdftex
* paper: a4paper
* layout: <same size as paper>
* layoutoffset:(h,v)=(0.0pt,0.0pt)
* modes: twoside 
* h-part:(L,W,R)=(99.58464pt, 426.79135pt, 71.13188pt)
* v-part:(T,H,B)=(96.73936pt, 651.56812pt, 96.73936pt)
* \paperwidth=597.50787pt
* \paperheight=845.04684pt
* \textwidth=426.79135pt
* \textheight=651.56812pt
* \oddsidemargin=27.31465pt
* \evensidemargin=-1.1381pt
* \topmargin=-12.53062pt
* \headheight=12.0pt
* \headsep=25.0pt
* \topskip=11.0pt
* \footskip=30.0pt
* \marginparwidth=103.0pt
* \marginparsep=10.0pt
* \columnsep=10.0pt
* \skip\footins=10.0pt plus 4.0pt minus 2.0pt
* \hoffset=0.0pt
* \voffset=0.0pt
* \mag=1000
* \@twocolumnfalse
* \@twosidetrue
* \@mparswitchtrue
* \@reversemarginfalse
* (1in=72.27pt=25.4mm, 1cm=28.453pt)

ABD: EveryShipout initializing macros
\AtBeginShipoutBox=\box78
Package hyperref Info: Link coloring OFF on input line 13.

("C:\Program Files (x86)\MiKTeX 2.9\tex/latex/hyperref\nameref.sty"
Package: nameref 2016/05/21 v2.44 Cross-referencing by name of section

("C:\Program Files (x86)\MiKTeX 2.9\tex/generic/oberdiek\gettitlestring.sty"
Package: gettitlestring 2016/05/16 v1.5 Cleanup title references (HO)
)
\c@section@level=\count179
)
LaTeX Info: Redefining \ref on input line 13.
LaTeX Info: Redefining \pageref on input line 13.
LaTeX Info: Redefining \nameref on input line 13.

(main.out) (main.out)
\@outlinefile=\write4
\openout4 = `main.out'.

Package caption Info: Begin \AtBeginDocument code.
Package caption Info: listings package is loaded.
Package caption Info: End \AtBeginDocument code.

Package pgfplots notification 'compat/show suggested version=true': you might b
enefit from \pgfplotsset{compat=1.16} (current compat level: 1.15).

\c@lstlisting=\count180
LaTeX Font Info:    Try loading font information for T1+lmss on input line 17.
("C:\Program Files (x86)\MiKTeX 2.9\tex/latex/lm\t1lmss.fd"
File: t1lmss.fd 2009/10/30 v1.6 Font defs for Latin Modern
)
<figures/logo/pads_logo_text.jpg, id=210, 1594.95876pt x 379.4175pt>
File: figures/logo/pads_logo_text.jpg Graphic file (type jpg)
<use figures/logo/pads_logo_text.jpg>
Package pdftex.def Info: figures/logo/pads_logo_text.jpg  used on input line 17
.
(pdftex.def)             Requested size: 358.87457pt x 85.37103pt.
LaTeX Font Info:    Try loading font information for OT1+lmr on input line 17.

("C:\Program Files (x86)\MiKTeX 2.9\tex/latex/lm\ot1lmr.fd"
File: ot1lmr.fd 2009/10/30 v1.6 Font defs for Latin Modern
)
LaTeX Font Info:    Try loading font information for OML+lmm on input line 17.

("C:\Program Files (x86)\MiKTeX 2.9\tex/latex/lm\omllmm.fd"
File: omllmm.fd 2009/10/30 v1.6 Font defs for Latin Modern
)
LaTeX Font Info:    Try loading font information for OMS+lmsy on input line 17.


("C:\Program Files (x86)\MiKTeX 2.9\tex/latex/lm\omslmsy.fd"
File: omslmsy.fd 2009/10/30 v1.6 Font defs for Latin Modern
)
LaTeX Font Info:    Try loading font information for OMX+lmex on input line 17.


("C:\Program Files (x86)\MiKTeX 2.9\tex/latex/lm\omxlmex.fd"
File: omxlmex.fd 2009/10/30 v1.6 Font defs for Latin Modern
)
LaTeX Font Info:    External font `lmex10' loaded for size
(Font)              <10.95> on input line 17.
LaTeX Font Info:    External font `lmex10' loaded for size
(Font)              <8> on input line 17.
LaTeX Font Info:    External font `lmex10' loaded for size
(Font)              <6> on input line 17.
LaTeX Font Info:    Try loading font information for U+msa on input line 17.

("C:\Program Files (x86)\MiKTeX 2.9\tex/latex/amsfonts\umsa.fd"
File: umsa.fd 2013/01/14 v3.01 AMS symbols A
)
LaTeX Font Info:    Try loading font information for U+msb on input line 17.

("C:\Program Files (x86)\MiKTeX 2.9\tex/latex/amsfonts\umsb.fd"
File: umsb.fd 2013/01/14 v3.01 AMS symbols B
)
LaTeX Font Info:    Try loading font information for U+rsfs on input line 17.

("C:\Program Files (x86)\MiKTeX 2.9\tex/latex/jknappen\ursfs.fd"
File: ursfs.fd 1998/03/24 rsfs font definition file (jk)
)
LaTeX Font Info:    Font shape `T1/lmss/m/it' in size <10.95> not available
(Font)              Font shape `T1/lmss/m/sl' tried instead on input line 17.
 [1

{C:/Users/ding/AppData/Local/MiKTeX/2.9/pdftex/config/pdftex.map} <./figures/lo
go/pads_logo_text.jpg>] [2

] [3] [4

] (chapters/abstract.tex) [5] [6

]
Chapter 1.
(chapters/introduction.tex
<figures/introduction/Master-original-model.pdf, id=249, 614.295pt x 794.97pt>
File: figures/introduction/Master-original-model.pdf Graphic file (type pdf)
<use figures/introduction/Master-original-model.pdf>
Package pdftex.def Info: figures/introduction/Master-original-model.pdf  used o
n input line 13.
(pdftex.def)             Requested size: 192.05563pt x 456.10953pt.

Overfull \hbox (64.01694pt too wide) in paragraph at lines 13--14
 [][] 
 []


Underfull \hbox (badness 10000) in paragraph at lines 9--16
\T1/lmr/m/n/10.95 ple is listed to de-scribe those lim-its.
 []


Underfull \vbox (badness 1052) has occurred while \output is active []

 [1

]

Package Fancyhdr Warning: \headheight is too small (12.0pt): 
Make it at least 13.59999pt.
We now make it that large for the rest of the document.
This may cause the page layout to be inconsistent, however.

[2 <./figures/introduction/Master-original-model.pdf

pdfTeX warning: pdflatex.exe (file ./figures/introduction/Master-original-model
.pdf): PDF inclusion: invalid other resource which is no dict (key 'ProcSets', 
type <array>); ignored.
>]
<figures/introduction/Master-add-events-loop.pdf, id=286, 614.295pt x 794.97pt>

File: figures/introduction/Master-add-events-loop.pdf Graphic file (type pdf)
<use figures/introduction/Master-add-events-loop.pdf>
Package pdftex.def Info: figures/introduction/Master-add-events-loop.pdf  used 
on input line 39.
(pdftex.def)             Requested size: 106.6961pt x 456.10953pt.
<figures/introduction/Master-add-events.pdf, id=288, 614.295pt x 794.97pt>
File: figures/introduction/Master-add-events.pdf Graphic file (type pdf)
<use figures/introduction/Master-add-events.pdf>
Package pdftex.def Info: figures/introduction/Master-add-events.pdf  used on in
put line 45.
(pdftex.def)             Requested size: 106.6961pt x 456.10953pt.
<figures/introduction/Master-change-order.pdf, id=303, 614.295pt x 794.97pt>
File: figures/introduction/Master-change-order.pdf Graphic file (type pdf)
<use figures/introduction/Master-change-order.pdf>
Package pdftex.def Info: figures/introduction/Master-change-order.pdf  used on 
input line 74.
(pdftex.def)             Requested size: 106.69946pt x 456.10953pt.
<figures/introduction/Master-with-lt.pdf, id=305, 614.295pt x 794.97pt>
File: figures/introduction/Master-with-lt.pdf Graphic file (type pdf)
<use figures/introduction/Master-with-lt.pdf>
Package pdftex.def Info: figures/introduction/Master-with-lt.pdf  used on input
 line 80.
(pdftex.def)             Requested size: 106.6961pt x 456.10953pt.
 [3] [4 <./figures/introduction/Master-add-events-loop.pdf

pdfTeX warning: pdflatex.exe (file ./figures/introduction/Master-add-events-loo
p.pdf): PDF inclusion: invalid other resource which is no dict (key 'ProcSets',
 type <array>); ignored.
> <./figures/introduction/Master-add-events.pdf

pdfTeX warning: pdflatex.exe (file ./figures/introduction/Master-add-events.pdf
): PDF inclusion: invalid other resource which is no dict (key 'ProcSets', type
 <array>); ignored.
>] [5 <./figures/introduction/Master-change-order.pdf

pdfTeX warning: pdflatex.exe (file ./figures/introduction/Master-change-order.p
df): PDF inclusion: invalid other resource which is no dict (key 'ProcSets', ty
pe <array>); ignored.
> <./figures/introduction/Master-with-lt.pdf

pdfTeX warning: pdflatex.exe (file ./figures/introduction/Master-with-lt.pdf): 
PDF inclusion: invalid other resource which is no dict (key 'ProcSets', type <a
rray>); ignored.
>]
<figures/introduction/FD_approach_blackbox.png, id=390, 629.35126pt x 404.51125
pt>
File: figures/introduction/FD_approach_blackbox.png Graphic file (type png)
<use figures/introduction/FD_approach_blackbox.png>
Package pdftex.def Info: figures/introduction/FD_approach_blackbox.png  used on
 input line 109.
(pdftex.def)             Requested size: 426.79135pt x 274.31715pt.
 [6]) [7 <./figures/introduction/FD_approach_blackbox.png>] [8

]
Chapter 2.
(chapters/background.tex [9]) [10]
Chapter 3.
(chapters/preliminary.texpdfTeX warning (ext4): destination with the same ident
ifier (name{page.1}) has been already used, duplicate ignored
<to be read again> 
                   \relax 
l.21 \begin{definition}
                       [Silent transition] [1

]
<figures/preliminary/PN06_Seq_2_xor_notnested.png, id=464, 1234.6125pt x 312.16
624pt>
File: figures/preliminary/PN06_Seq_2_xor_notnested.png Graphic file (type png)
<use figures/preliminary/PN06_Seq_2_xor_notnested.png>
Package pdftex.def Info: figures/preliminary/PN06_Seq_2_xor_notnested.png  used
 on input line 35.
(pdftex.def)             Requested size: 192.0548pt x 48.55673pt.
<figures/preliminary/PT06_Seq_2_xor_notnested.png, id=465, 621.32124pt x 210.78
75pt>
File: figures/preliminary/PT06_Seq_2_xor_notnested.png Graphic file (type png)
<use figures/preliminary/PT06_Seq_2_xor_notnested.png>
Package pdftex.def Info: figures/preliminary/PT06_Seq_2_xor_notnested.png  used
 on input line 42.
(pdftex.def)             Requested size: 192.0548pt x 65.15369pt.
LaTeX Font Info:    Try loading font information for TS1+lmr on input line 54.

("C:\Program Files (x86)\MiKTeX 2.9\tex/latex/lm\ts1lmr.fd"
File: ts1lmr.fd 2009/10/30 v1.6 Font defs for Latin Modern
)
<figures/preliminary/PT_PN_corresponding_01_seq_PN.png, id=473, 326.21875pt x 5
8.2175pt>
File: figures/preliminary/PT_PN_corresponding_01_seq_PN.png Graphic file (type 
png)
<use figures/preliminary/PT_PN_corresponding_01_seq_PN.png>
Package pdftex.def Info: figures/preliminary/PT_PN_corresponding_01_seq_PN.png 
 used on input line 64.
(pdftex.def)             Requested size: 192.0548pt x 34.27518pt.
<figures/preliminary/PT_PN_corresponding_02_xor_PN.png, id=474, 224.84pt x 73.2
7374pt>
File: figures/preliminary/PT_PN_corresponding_02_xor_PN.png Graphic file (type 
png)
<use figures/preliminary/PT_PN_corresponding_02_xor_PN.png>
Package pdftex.def Info: figures/preliminary/PT_PN_corresponding_02_xor_PN.png 
 used on input line 71.
(pdftex.def)             Requested size: 192.0548pt x 62.59154pt.
<figures/preliminary/PT_PN_corresponding_03_and_PN.png, id=475, 385.44pt x 73.2
7374pt>
File: figures/preliminary/PT_PN_corresponding_03_and_PN.png Graphic file (type 
png)
<use figures/preliminary/PT_PN_corresponding_03_and_PN.png>
Package pdftex.def Info: figures/preliminary/PT_PN_corresponding_03_and_PN.png 
 used on input line 78.
(pdftex.def)             Requested size: 192.0548pt x 36.51042pt.
<figures/preliminary/PT_PN_corresponding_04_loop_PN.png, id=476, 224.84pt x 78.
2925pt>
File: figures/preliminary/PT_PN_corresponding_04_loop_PN.png Graphic file (type
 png)
<use figures/preliminary/PT_PN_corresponding_04_loop_PN.png>
Package pdftex.def Info: figures/preliminary/PT_PN_corresponding_04_loop_PN.png
  used on input line 85.
(pdftex.def)             Requested size: 192.0548pt x 66.87865pt.


LaTeX Warning: `!h' float specifier changed to `!ht'.

pdfTeX warning (ext4): destination with the same identifier (name{page.2}) has 
been already used, duplicate ignored
<to be read again> 
                   \relax 
l.95 		\item i
              f $Q= \rightarrow(Q_1 , Q_2 ,.. Q_n)$, the subtrees have seque...
[2 <./figures/preliminary/PN06_Seq_2_xor_notnested.png> <./figures/preliminary/
PT06_Seq_2_xor_notnested.png>]pdfTeX warning (ext4): destination with the same 
identifier (name{page.3}) has been already used, duplicate ignored
<to be read again> 
                   \relax 
l.110 \end{definition}
                       [3 <./figures/preliminary/PT_PN_corresponding_01_seq_PN.
png> <./figures/preliminary/PT_PN_corresponding_02_xor_PN.png> <./figures/preli
minary/PT_PN_corresponding_03_and_PN.png> <./figures/preliminary/PT_PN_correspo
nding_04_loop_PN.png>])pdfTeX warning (ext4): destination with the same identif
ier (name{page.4}) has been already used, duplicate ignored
<to be read again> 
                   \relax 
l.53 \chapter
             {Algorithm} \label{chap:alg} [4]pdfTeX warning (ext4): destination
 with the same identifier (name{page.5}) has been already used, duplicate ignor
ed
<to be read again> 
                   \relax 
l.53 \chapter
             {Algorithm} \label{chap:alg} [5]pdfTeX warning (ext4): destination
 with the same identifier (name{page.6}) has been already used, duplicate ignor
ed
<to be read again> 
                   \relax 
l.53 \chapter
             {Algorithm} \label{chap:alg} [6

]
Chapter 4.
(chapters/algorithm.tex
<figures/algorithm/FD_architecture_detail_02.png, id=519, 711.65875pt x 1277.77
374pt>
File: figures/algorithm/FD_architecture_detail_02.png Graphic file (type png)
<use figures/algorithm/FD_architecture_detail_02.png>
Package pdftex.def Info: figures/algorithm/FD_architecture_detail_02.png  used 
on input line 21.
(pdftex.def)             Requested size: 384.1054pt x 586.39876pt.
pdfTeX warning (ext4): destination with the same identifier (name{page.7}) has 
been already used, duplicate ignored
<to be read again> 
                   \relax 
l.39 
      [7]pdfTeX warning (ext4): destination with the same identifier (name{page
.8}) has been already used, duplicate ignored
<to be read again> 
                   \relax 
l.39 
      [8 <./figures/algorithm/FD_architecture_detail_02.png>]pdfTeX warning (ex
t4): destination with the same identifier (name{page.9}) has been already used,
 duplicate ignored
<to be read again> 
                   \relax 
l.66 	\end{align*}
                   [9]
Overfull \hbox (39.79637pt too wide) detected at line 84
\OML/lmm/m/it/10.95 Weight\OT1/lmr/m/n/10.95 (\OML/lmm/m/it/10.95 E[]\OT1/lmr/m
/n/10.95 (\OML/lmm/m/it/10.95 A; B\OT1/lmr/m/n/10.95 )) = \OML/lmm/m/it/10.95 C
[] \OMS/lmsy/m/n/10.95  \OML/lmm/m/it/10.95 U\OT1/lmr/m/n/10.95 (\OML/lmm/m/it
/10.95 E[]\OT1/lmr/m/n/10.95 (\OML/lmm/m/it/10.95 A; B\OT1/lmr/m/n/10.95 )) + \
OML/lmm/m/it/10.95 C[] \OMS/lmsy/m/n/10.95  \OML/lmm/m/it/10.95 U\OT1/lmr/m/n/
10.95 (\OML/lmm/m/it/10.95 E[]\OT1/lmr/m/n/10.95 (\OML/lmm/m/it/10.95 A; B\OT1/
lmr/m/n/10.95 )) \OMS/lmsy/m/n/10.95   \OML/lmm/m/it/10.95 C[] \OMS/lmsy/m/n/10
.95  \OML/lmm/m/it/10.95 U\OT1/lmr/m/n/10.95 (\OML/lmm/m/it/10.95 E[]\OT1/lmr/
m/n/10.95 (\OML/lmm/m/it/10.95 A; B\OT1/lmr/m/n/10.95 ))
 []


Overfull \hbox (57.72221pt too wide) detected at line 86
\OML/lmm/m/it/10.95 Weight\OT1/lmr/m/n/10.95 (\OML/lmm/m/it/10.95 Start[]\OT1/l
mr/m/n/10.95 (\OML/lmm/m/it/10.95 A\OT1/lmr/m/n/10.95 )) = \OML/lmm/m/it/10.95 
C[] \OMS/lmsy/m/n/10.95  \OML/lmm/m/it/10.95 U\OT1/lmr/m/n/10.95 (\OML/lmm/m/i
t/10.95 Start[]\OT1/lmr/m/n/10.95 (\OML/lmm/m/it/10.95 A\OT1/lmr/m/n/10.95 )) +
 \OML/lmm/m/it/10.95 C[] \OMS/lmsy/m/n/10.95  \OML/lmm/m/it/10.95 U\OT1/lmr/m/
n/10.95 (\OML/lmm/m/it/10.95 Start[]\OT1/lmr/m/n/10.95 (\OML/lmm/m/it/10.95 A\O
T1/lmr/m/n/10.95 )) \OMS/lmsy/m/n/10.95   \OML/lmm/m/it/10.95 C[] \OMS/lmsy/m/n
/10.95  \OML/lmm/m/it/10.95 U\OT1/lmr/m/n/10.95 (\OML/lmm/m/it/10.95 Start[]\O
T1/lmr/m/n/10.95 (\OML/lmm/m/it/10.95 A\OT1/lmr/m/n/10.95 ))
 []


Overfull \hbox (36.52177pt too wide) detected at line 88
\OML/lmm/m/it/10.95 Weight\OT1/lmr/m/n/10.95 (\OML/lmm/m/it/10.95 End[]\OT1/lmr
/m/n/10.95 (\OML/lmm/m/it/10.95 A\OT1/lmr/m/n/10.95 )) = \OML/lmm/m/it/10.95 C[
] \OMS/lmsy/m/n/10.95  \OML/lmm/m/it/10.95 U\OT1/lmr/m/n/10.95 (\OML/lmm/m/it/
10.95 End[]\OT1/lmr/m/n/10.95 (\OML/lmm/m/it/10.95 A\OT1/lmr/m/n/10.95 )) + \OM
L/lmm/m/it/10.95 C[] \OMS/lmsy/m/n/10.95  \OML/lmm/m/it/10.95 U\OT1/lmr/m/n/10
.95 (\OML/lmm/m/it/10.95 End[]\OT1/lmr/m/n/10.95 (\OML/lmm/m/it/10.95 A\OT1/lmr
/m/n/10.95 )) \OMS/lmsy/m/n/10.95   \OML/lmm/m/it/10.95 C[] \OMS/lmsy/m/n/10.95
  \OML/lmm/m/it/10.95 U\OT1/lmr/m/n/10.95 (\OML/lmm/m/it/10.95 End[]\OT1/lmr/m
/n/10.95 (\OML/lmm/m/it/10.95 A\OT1/lmr/m/n/10.95 ))
 []

pdfTeX warning (ext4): destination with the same identifier (name{page.10}) has
 been already used, duplicate ignored
<to be read again> 
                   \relax 
l.113 \section
              {Add long-term dependency} [10]
Underfull \hbox (badness 10000) in paragraph at lines 126--127

 []

[11]
Underfull \hbox (badness 10000) in paragraph at lines 152--156

 []

[12] [13] [14]
Overfull \hbox (44.77917pt too wide) in paragraph at lines 263--266
[]\T1/lmr/m/n/10.95 In the rest sit-u-a-tions, $ \OML/lmm/m/it/10.95 LT[] \OMS/
lmsy/m/n/10.95 6\OT1/lmr/m/n/10.95 = \OML/lmm/m/it/10.95 S \OT1/lmr/m/n/10.95 =
 []\OML/lmm/m/it/10.95 ; LT[] \OMS/lmsy/m/n/10.95 6\OT1/lmr/m/n/10.95 = \OMS/lm
sy/m/n/10.95 ;\OML/lmm/m/it/10.95 ; []X[]withX[] []
 []


Package caption Warning: \label without proper reference on input line 284.
See the caption package documentation for explanation.


LaTeX Warning: Reference `fig:seq-2-silent-1' on page 15 undefined on input lin
e 279.

<figures/algorithm/LT_Seq_01_Silent_01.png, id=603, 404.51125pt x 161.60374pt>
File: figures/algorithm/LT_Seq_01_Silent_01.png Graphic file (type png)
<use figures/algorithm/LT_Seq_01_Silent_01.png>
Package pdftex.def Info: figures/algorithm/LT_Seq_01_Silent_01.png  used on inp
ut line 283.
(pdftex.def)             Requested size: 426.79135pt x 170.5076pt.
<figures/algorithm/LT_Seq_01_Silent_03.png, id=604, 404.51125pt x 131.49126pt>
File: figures/algorithm/LT_Seq_01_Silent_03.png Graphic file (type png)
<use figures/algorithm/LT_Seq_01_Silent_03.png>
Package pdftex.def Info: figures/algorithm/LT_Seq_01_Silent_03.png  used on inp
ut line 290.
(pdftex.def)             Requested size: 426.79135pt x 138.736pt.
<figures/algorithm/LT_Seq_01_Silent_02.png, id=605, 404.51125pt x 157.58875pt>
File: figures/algorithm/LT_Seq_01_Silent_02.png Graphic file (type png)
<use figures/algorithm/LT_Seq_01_Silent_02.png>
Package pdftex.def Info: figures/algorithm/LT_Seq_01_Silent_02.png  used on inp
ut line 297.
(pdftex.def)             Requested size: 426.79135pt x 166.27138pt.
[15]

LaTeX Warning: `!h' float specifier changed to `!ht'.

[16]
Underfull \vbox (badness 10000) has occurred while \output is active []

 [17 <./figures/algorithm/LT_Seq_01_Silent_01.png> <./figures/algorithm/LT_Seq_
01_Silent_03.png> <./figures/algorithm/LT_Seq_01_Silent_02.png>]
<figures/algorithm/dfg-IM-pn-with-lt.png, id=624, 747.79375pt x 206.7725pt>
File: figures/algorithm/dfg-IM-pn-with-lt.png Graphic file (type png)
<use figures/algorithm/dfg-IM-pn-with-lt.png>
Package pdftex.def Info: figures/algorithm/dfg-IM-pn-with-lt.png  used on input
 line 331.
(pdftex.def)             Requested size: 426.79135pt x 118.01299pt.
<figures/algorithm/dfg-IM-pn-with-lt-reduced.png, id=625, 1050.92625pt x 197.73
875pt>
File: figures/algorithm/dfg-IM-pn-with-lt-reduced.png Graphic file (type png)
<use figures/algorithm/dfg-IM-pn-with-lt-reduced.png>
Package pdftex.def Info: figures/algorithm/dfg-IM-pn-with-lt-reduced.png  used 
on input line 338.
(pdftex.def)             Requested size: 426.79135pt x 80.304pt.
) [18 <./figures/algorithm/dfg-IM-pn-with-lt.png> <./figures/algorithm/dfg-IM-p
n-with-lt-reduced.png>]
Chapter 5.
(chapters/implementation.tex
<figures/implementation/dfg-IM-setting.png, id=634, 400.49625pt x 143.53625pt>
File: figures/implementation/dfg-IM-setting.png Graphic file (type png)
<use figures/implementation/dfg-IM-setting.png>
Package pdftex.def Info: figures/implementation/dfg-IM-setting.png  used on inp
ut line 31.
(pdftex.def)             Requested size: 300.37144pt x 107.65192pt.
<figures/implementation/dfg-IM-pn-without-lt.png, id=636, 1308.89pt x 744.7825p
t>
File: figures/implementation/dfg-IM-pn-without-lt.png Graphic file (type png)
<use figures/implementation/dfg-IM-pn-without-lt.png>
Package pdftex.def Info: figures/implementation/dfg-IM-pn-without-lt.png  used 
on input line 38.
(pdftex.def)             Requested size: 426.79135pt x 242.84695pt.
 [19

] [20 <./figures/implementation/dfg-IM-setting.png> <./figures/implementation/d
fg-IM-pn-without-lt.png>]
<figures/implementation/dfg-IM-pn-with-lt.png, id=652, 811.03pt x 548.0475pt>
File: figures/implementation/dfg-IM-pn-with-lt.png Graphic file (type png)
<use figures/implementation/dfg-IM-pn-with-lt.png>
Package pdftex.def Info: figures/implementation/dfg-IM-pn-with-lt.png  used on 
input line 50.
(pdftex.def)             Requested size: 426.79135pt x 288.4066pt.
<figures/implementation/dfg-IM-pn-with-lt-manual.png, id=655, 1381.16pt x 855.1
95pt>
File: figures/implementation/dfg-IM-pn-with-lt-manual.png Graphic file (type pn
g)
<use figures/implementation/dfg-IM-pn-with-lt-manual.png>
Package pdftex.def Info: figures/implementation/dfg-IM-pn-with-lt-manual.png  u
sed on input line 58.
(pdftex.def)             Requested size: 426.79135pt x 264.25952pt.
<figures/implementation/dfg-IM-pn-with-lt-reduced.png, id=658, 1374.13374pt x 6
62.475pt>
File: figures/implementation/dfg-IM-pn-with-lt-reduced.png Graphic file (type p
ng)
<use figures/implementation/dfg-IM-pn-with-lt-reduced.png>
Package pdftex.def Info: figures/implementation/dfg-IM-pn-with-lt-reduced.png  
used on input line 67.
(pdftex.def)             Requested size: 426.79135pt x 205.74925pt.
 [21 <./figures/implementation/dfg-IM-pn-with-lt.png>] [22 <./figures/implement
ation/dfg-IM-pn-with-lt-manual.png> <./figures/implementation/dfg-IM-pn-with-lt
-reduced.png>]
<figures/implementation/dfg-IM-confusionmatrix.png, id=672, 959.585pt x 213.798
75pt>
File: figures/implementation/dfg-IM-confusionmatrix.png Graphic file (type png)

<use figures/implementation/dfg-IM-confusionmatrix.png>
Package pdftex.def Info: figures/implementation/dfg-IM-confusionmatrix.png  use
d on input line 78.
(pdftex.def)             Requested size: 426.79135pt x 95.08957pt.
)
[23 <./figures/implementation/dfg-IM-confusionmatrix.png>] [24

]
Chapter 6.
(chapters/evaluation.tex [25]

LaTeX Warning: No positions in optional float specifier.
               Default added (so using `tbp') on input line 30.

[26]
<figures/evaluation/model_01_sequence.png, id=692, 736.7525pt x 149.55875pt>
File: figures/evaluation/model_01_sequence.png Graphic file (type png)
<use figures/evaluation/model_01_sequence.png>
Package pdftex.def Info: figures/evaluation/model_01_sequence.png  used on inpu
t line 79.
(pdftex.def)             Requested size: 384.1096pt x 77.97182pt.
 [27]
<figures/evaluation/result-ext-weight-01_log_sequence_02.png, id=698, 1858.945p
t x 1126.2075pt>
File: figures/evaluation/result-ext-weight-01_log_sequence_02.png Graphic file 
(type png)
<use figures/evaluation/result-ext-weight-01_log_sequence_02.png>
Package pdftex.def Info: figures/evaluation/result-ext-weight-01_log_sequence_0
2.png  used on input line 99.
(pdftex.def)             Requested size: 384.09291pt x 215.01273pt.
<figures/evaluation/result-pos-weight-01_log_sequence_02.png, id=699, 1857.9412
5pt x 1128.215pt>
File: figures/evaluation/result-pos-weight-01_log_sequence_02.png Graphic file 
(type png)
<use figures/evaluation/result-pos-weight-01_log_sequence_02.png>
Package pdftex.def Info: figures/evaluation/result-pos-weight-01_log_sequence_0
2.png  used on input line 106.
(pdftex.def)             Requested size: 384.1123pt x 215.01724pt.
<figures/evaluation/result-neg-weight-01_log_sequence_02.png, id=700, 1855.9337
5pt x 1129.21875pt>
File: figures/evaluation/result-neg-weight-01_log_sequence_02.png Graphic file 
(type png)
<use figures/evaluation/result-neg-weight-01_log_sequence_02.png>
Package pdftex.def Info: figures/evaluation/result-neg-weight-01_log_sequence_0
2.png  used on input line 113.
(pdftex.def)             Requested size: 384.09375pt x 215.01901pt.


LaTeX Warning: Float too large for page by 73.08086pt on input line 119.


LaTeX Warning: `h' float specifier changed to `ht'.

[28 <./figures/evaluation/model_01_sequence.png (PNG copy)>]) [29] [30 <./figur
es/evaluation/result-ext-weight-01_log_sequence_02.png> <./figures/evaluation/r
esult-pos-weight-01_log_sequence_02.png> <./figures/evaluation/result-neg-weigh
t-01_log_sequence_02.png>]
Chapter 7.
(chapters/conclusion.tex) (main.bbl [31

] [32

] [33]) [34]
Package atveryend Info: Empty hook `BeforeClearDocument' on input line 73.
Package atveryend Info: Empty hook `AfterLastShipout' on input line 73.
 (main.aux)
Package atveryend Info: Executing hook `AtVeryEndDocument' on input line 73.
Package atveryend Info: Executing hook `AtEndAfterFileList' on input line 73.
Package rerunfilecheck Info: File `main.out' has not changed.
(rerunfilecheck)             Checksum: 30CAEF167ED6D501707C530CC524A25D;3510.


LaTeX Warning: There were undefined references.

Package atveryend Info: Empty hook `AtVeryVeryEnd' on input line 73.
 ) 
Here is how much of TeX's memory you used:
 37367 strings out of 492946
 875993 string characters out of 3132884
 1109529 words of memory out of 3000000
 40363 multiletter control sequences out of 15000+200000
 93750 words of font info for 61 fonts, out of 3000000 for 9000
 1141 hyphenation exceptions out of 8191
 76i,16n,121p,1125b,609s stack positions out of 5000i,500n,10000p,200000b,50000s
{C:/Program Files (x86)/MiKTeX 2.9/fonts/enc/dvips/lm/lm-ec.enc}{C:/Program F
iles (x86)/MiKTeX 2.9/fonts/enc/dvips/lm/lm-mathit.enc}{C:/Program Files (x86)/
MiKTeX 2.9/fonts/enc/dvips/lm/lm-ts1.enc}{C:/Program Files (x86)/MiKTeX 2.9/fon
ts/enc/dvips/lm/lm-mathex.enc}{C:/Program Files (x86)/MiKTeX 2.9/fonts/enc/dvip
s/lm/lm-mathsy.enc}{C:/Program Files (x86)/MiKTeX 2.9/fonts/enc/dvips/lm/lm-rm.
enc}<C:/Program Files (x86)/MiKTeX 2.9/fonts/type1/public/lm/lmbx10.pfb><C:/Pro
gram Files (x86)/MiKTeX 2.9/fonts/type1/public/lm/lmbx12.pfb><C:/Program Files 
(x86)/MiKTeX 2.9/fonts/type1/public/lm/lmbx8.pfb><C:/Program Files (x86)/MiKTeX
 2.9/fonts/type1/public/lm/lmbxi10.pfb><C:/Program Files (x86)/MiKTeX 2.9/fonts
/type1/public/lm/lmex10.pfb><C:/Program Files (x86)/MiKTeX 2.9/fonts/type1/publ
ic/lm/lmmi10.pfb><C:/Program Files (x86)/MiKTeX 2.9/fonts/type1/public/lm/lmmi6
.pfb><C:/Program Files (x86)/MiKTeX 2.9/fonts/type1/public/lm/lmmi8.pfb><C:/Pro
gram Files (x86)/MiKTeX 2.9/fonts/type1/public/lm/lmr10.pfb><C:/Program Files (
x86)/MiKTeX 2.9/fonts/type1/public/lm/lmr8.pfb><C:/Program Files (x86)/MiKTeX 2
.9/fonts/type1/public/lm/lmri10.pfb><C:/Program Files (x86)/MiKTeX 2.9/fonts/ty
pe1/public/lm/lmss10.pfb><C:/Program Files (x86)/MiKTeX 2.9/fonts/type1/public/
lm/lmssbx10.pfb><C:/Program Files (x86)/MiKTeX 2.9/fonts/type1/public/lm/lmsy10
.pfb><C:/Program Files (x86)/MiKTeX 2.9/fonts/type1/public/lm/lmsy8.pfb><C:/Pro
gram Files (x86)/MiKTeX 2.9/fonts/type1/public/amsfonts/symbols/msam10.pfb><C:/
Program Files (x86)/MiKTeX 2.9/fonts/type1/public/amsfonts/symbols/msbm10.pfb>
Output written on main.pdf (50 pages, 2224196 bytes).
PDF statistics:
 843 PDF objects out of 1000 (max. 8388607)
 194 named destinations out of 1000 (max. 500000)
 596 words of extra memory for PDF output out of 10000 (max. 10000000)

